Start testing: Feb 01 12:20 MSK
----------------------------------------------------------
1/184 Testing: JsonRpcRequest.DefaultConstruction
1/184 Test: JsonRpcRequest.DefaultConstruction
Command: "/home/kotdath/omp/personal/cpp/mcpp/build/tests/mcpp_unit_tests" "--gtest_filter=JsonRpcRequest.DefaultConstruction" "--gtest_also_run_disabled_tests"
Directory: /home/kotdath/omp/personal/cpp/mcpp/build/tests
"JsonRpcRequest.DefaultConstruction" start time: Feb 01 12:20 MSK
Output:
----------------------------------------------------------
Running main() from /home/kotdath/omp/personal/cpp/mcpp/build/_deps/googletest-src/googletest/src/gtest_main.cc
Note: Google Test filter = JsonRpcRequest.DefaultConstruction
[==========] Running 1 test from 1 test suite.
[----------] Global test environment set-up.
[----------] 1 test from JsonRpcRequest
[ RUN      ] JsonRpcRequest.DefaultConstruction
[       OK ] JsonRpcRequest.DefaultConstruction (0 ms)
[----------] 1 test from JsonRpcRequest (0 ms total)

[----------] Global test environment tear-down
[==========] 1 test from 1 test suite ran. (0 ms total)
[  PASSED  ] 1 test.
<end of output>
Test time =   0.00 sec
----------------------------------------------------------
Test Passed.
"JsonRpcRequest.DefaultConstruction" end time: Feb 01 12:20 MSK
"JsonRpcRequest.DefaultConstruction" time elapsed: 00:00:00
----------------------------------------------------------

2/184 Testing: JsonRpcRequest.ParameterizedConstruction_WithId
2/184 Test: JsonRpcRequest.ParameterizedConstruction_WithId
Command: "/home/kotdath/omp/personal/cpp/mcpp/build/tests/mcpp_unit_tests" "--gtest_filter=JsonRpcRequest.ParameterizedConstruction_WithId" "--gtest_also_run_disabled_tests"
Directory: /home/kotdath/omp/personal/cpp/mcpp/build/tests
"JsonRpcRequest.ParameterizedConstruction_WithId" start time: Feb 01 12:20 MSK
Output:
----------------------------------------------------------
Running main() from /home/kotdath/omp/personal/cpp/mcpp/build/_deps/googletest-src/googletest/src/gtest_main.cc
Note: Google Test filter = JsonRpcRequest.ParameterizedConstruction_WithId
[==========] Running 1 test from 1 test suite.
[----------] Global test environment set-up.
[----------] 1 test from JsonRpcRequest
[ RUN      ] JsonRpcRequest.ParameterizedConstruction_WithId
[       OK ] JsonRpcRequest.ParameterizedConstruction_WithId (0 ms)
[----------] 1 test from JsonRpcRequest (0 ms total)

[----------] Global test environment tear-down
[==========] 1 test from 1 test suite ran. (0 ms total)
[  PASSED  ] 1 test.
<end of output>
Test time =   0.00 sec
----------------------------------------------------------
Test Passed.
"JsonRpcRequest.ParameterizedConstruction_WithId" end time: Feb 01 12:20 MSK
"JsonRpcRequest.ParameterizedConstruction_WithId" time elapsed: 00:00:00
----------------------------------------------------------

3/184 Testing: JsonRpcRequest.ParameterizedConstruction_WithStringId
3/184 Test: JsonRpcRequest.ParameterizedConstruction_WithStringId
Command: "/home/kotdath/omp/personal/cpp/mcpp/build/tests/mcpp_unit_tests" "--gtest_filter=JsonRpcRequest.ParameterizedConstruction_WithStringId" "--gtest_also_run_disabled_tests"
Directory: /home/kotdath/omp/personal/cpp/mcpp/build/tests
"JsonRpcRequest.ParameterizedConstruction_WithStringId" start time: Feb 01 12:20 MSK
Output:
----------------------------------------------------------
Running main() from /home/kotdath/omp/personal/cpp/mcpp/build/_deps/googletest-src/googletest/src/gtest_main.cc
Note: Google Test filter = JsonRpcRequest.ParameterizedConstruction_WithStringId
[==========] Running 1 test from 1 test suite.
[----------] Global test environment set-up.
[----------] 1 test from JsonRpcRequest
[ RUN      ] JsonRpcRequest.ParameterizedConstruction_WithStringId
[       OK ] JsonRpcRequest.ParameterizedConstruction_WithStringId (0 ms)
[----------] 1 test from JsonRpcRequest (0 ms total)

[----------] Global test environment tear-down
[==========] 1 test from 1 test suite ran. (0 ms total)
[  PASSED  ] 1 test.
<end of output>
Test time =   0.00 sec
----------------------------------------------------------
Test Passed.
"JsonRpcRequest.ParameterizedConstruction_WithStringId" end time: Feb 01 12:20 MSK
"JsonRpcRequest.ParameterizedConstruction_WithStringId" time elapsed: 00:00:00
----------------------------------------------------------

4/184 Testing: JsonRpcRequest.ToJson_ValidRequest
4/184 Test: JsonRpcRequest.ToJson_ValidRequest
Command: "/home/kotdath/omp/personal/cpp/mcpp/build/tests/mcpp_unit_tests" "--gtest_filter=JsonRpcRequest.ToJson_ValidRequest" "--gtest_also_run_disabled_tests"
Directory: /home/kotdath/omp/personal/cpp/mcpp/build/tests
"JsonRpcRequest.ToJson_ValidRequest" start time: Feb 01 12:20 MSK
Output:
----------------------------------------------------------
Running main() from /home/kotdath/omp/personal/cpp/mcpp/build/_deps/googletest-src/googletest/src/gtest_main.cc
Note: Google Test filter = JsonRpcRequest.ToJson_ValidRequest
[==========] Running 1 test from 1 test suite.
[----------] Global test environment set-up.
[----------] 1 test from JsonRpcRequest
[ RUN      ] JsonRpcRequest.ToJson_ValidRequest
[       OK ] JsonRpcRequest.ToJson_ValidRequest (0 ms)
[----------] 1 test from JsonRpcRequest (0 ms total)

[----------] Global test environment tear-down
[==========] 1 test from 1 test suite ran. (0 ms total)
[  PASSED  ] 1 test.
<end of output>
Test time =   0.00 sec
----------------------------------------------------------
Test Passed.
"JsonRpcRequest.ToJson_ValidRequest" end time: Feb 01 12:20 MSK
"JsonRpcRequest.ToJson_ValidRequest" time elapsed: 00:00:00
----------------------------------------------------------

5/184 Testing: JsonRpcRequest.ToJson_WithNullParams
5/184 Test: JsonRpcRequest.ToJson_WithNullParams
Command: "/home/kotdath/omp/personal/cpp/mcpp/build/tests/mcpp_unit_tests" "--gtest_filter=JsonRpcRequest.ToJson_WithNullParams" "--gtest_also_run_disabled_tests"
Directory: /home/kotdath/omp/personal/cpp/mcpp/build/tests
"JsonRpcRequest.ToJson_WithNullParams" start time: Feb 01 12:20 MSK
Output:
----------------------------------------------------------
Running main() from /home/kotdath/omp/personal/cpp/mcpp/build/_deps/googletest-src/googletest/src/gtest_main.cc
Note: Google Test filter = JsonRpcRequest.ToJson_WithNullParams
[==========] Running 1 test from 1 test suite.
[----------] Global test environment set-up.
[----------] 1 test from JsonRpcRequest
[ RUN      ] JsonRpcRequest.ToJson_WithNullParams
[       OK ] JsonRpcRequest.ToJson_WithNullParams (0 ms)
[----------] 1 test from JsonRpcRequest (0 ms total)

[----------] Global test environment tear-down
[==========] 1 test from 1 test suite ran. (0 ms total)
[  PASSED  ] 1 test.
<end of output>
Test time =   0.00 sec
----------------------------------------------------------
Test Passed.
"JsonRpcRequest.ToJson_WithNullParams" end time: Feb 01 12:20 MSK
"JsonRpcRequest.ToJson_WithNullParams" time elapsed: 00:00:00
----------------------------------------------------------

6/184 Testing: JsonRpcRequest.ToJson_WithArrayParams
6/184 Test: JsonRpcRequest.ToJson_WithArrayParams
Command: "/home/kotdath/omp/personal/cpp/mcpp/build/tests/mcpp_unit_tests" "--gtest_filter=JsonRpcRequest.ToJson_WithArrayParams" "--gtest_also_run_disabled_tests"
Directory: /home/kotdath/omp/personal/cpp/mcpp/build/tests
"JsonRpcRequest.ToJson_WithArrayParams" start time: Feb 01 12:20 MSK
Output:
----------------------------------------------------------
Running main() from /home/kotdath/omp/personal/cpp/mcpp/build/_deps/googletest-src/googletest/src/gtest_main.cc
Note: Google Test filter = JsonRpcRequest.ToJson_WithArrayParams
[==========] Running 1 test from 1 test suite.
[----------] Global test environment set-up.
[----------] 1 test from JsonRpcRequest
[ RUN      ] JsonRpcRequest.ToJson_WithArrayParams
[       OK ] JsonRpcRequest.ToJson_WithArrayParams (0 ms)
[----------] 1 test from JsonRpcRequest (0 ms total)

[----------] Global test environment tear-down
[==========] 1 test from 1 test suite ran. (0 ms total)
[  PASSED  ] 1 test.
<end of output>
Test time =   0.00 sec
----------------------------------------------------------
Test Passed.
"JsonRpcRequest.ToJson_WithArrayParams" end time: Feb 01 12:20 MSK
"JsonRpcRequest.ToJson_WithArrayParams" time elapsed: 00:00:00
----------------------------------------------------------

7/184 Testing: JsonRpcRequest.ToJson_StringId
7/184 Test: JsonRpcRequest.ToJson_StringId
Command: "/home/kotdath/omp/personal/cpp/mcpp/build/tests/mcpp_unit_tests" "--gtest_filter=JsonRpcRequest.ToJson_StringId" "--gtest_also_run_disabled_tests"
Directory: /home/kotdath/omp/personal/cpp/mcpp/build/tests
"JsonRpcRequest.ToJson_StringId" start time: Feb 01 12:20 MSK
Output:
----------------------------------------------------------
Running main() from /home/kotdath/omp/personal/cpp/mcpp/build/_deps/googletest-src/googletest/src/gtest_main.cc
Note: Google Test filter = JsonRpcRequest.ToJson_StringId
[==========] Running 1 test from 1 test suite.
[----------] Global test environment set-up.
[----------] 1 test from JsonRpcRequest
[ RUN      ] JsonRpcRequest.ToJson_StringId
[       OK ] JsonRpcRequest.ToJson_StringId (0 ms)
[----------] 1 test from JsonRpcRequest (0 ms total)

[----------] Global test environment tear-down
[==========] 1 test from 1 test suite ran. (0 ms total)
[  PASSED  ] 1 test.
<end of output>
Test time =   0.00 sec
----------------------------------------------------------
Test Passed.
"JsonRpcRequest.ToJson_StringId" end time: Feb 01 12:20 MSK
"JsonRpcRequest.ToJson_StringId" time elapsed: 00:00:00
----------------------------------------------------------

8/184 Testing: JsonRpcRequest.ToString_SerializesCorrectly
8/184 Test: JsonRpcRequest.ToString_SerializesCorrectly
Command: "/home/kotdath/omp/personal/cpp/mcpp/build/tests/mcpp_unit_tests" "--gtest_filter=JsonRpcRequest.ToString_SerializesCorrectly" "--gtest_also_run_disabled_tests"
Directory: /home/kotdath/omp/personal/cpp/mcpp/build/tests
"JsonRpcRequest.ToString_SerializesCorrectly" start time: Feb 01 12:20 MSK
Output:
----------------------------------------------------------
Running main() from /home/kotdath/omp/personal/cpp/mcpp/build/_deps/googletest-src/googletest/src/gtest_main.cc
Note: Google Test filter = JsonRpcRequest.ToString_SerializesCorrectly
[==========] Running 1 test from 1 test suite.
[----------] Global test environment set-up.
[----------] 1 test from JsonRpcRequest
[ RUN      ] JsonRpcRequest.ToString_SerializesCorrectly
[       OK ] JsonRpcRequest.ToString_SerializesCorrectly (0 ms)
[----------] 1 test from JsonRpcRequest (0 ms total)

[----------] Global test environment tear-down
[==========] 1 test from 1 test suite ran. (0 ms total)
[  PASSED  ] 1 test.
<end of output>
Test time =   0.00 sec
----------------------------------------------------------
Test Passed.
"JsonRpcRequest.ToString_SerializesCorrectly" end time: Feb 01 12:20 MSK
"JsonRpcRequest.ToString_SerializesCorrectly" time elapsed: 00:00:00
----------------------------------------------------------

9/184 Testing: JsonRpcResponse.SuccessResult
9/184 Test: JsonRpcResponse.SuccessResult
Command: "/home/kotdath/omp/personal/cpp/mcpp/build/tests/mcpp_unit_tests" "--gtest_filter=JsonRpcResponse.SuccessResult" "--gtest_also_run_disabled_tests"
Directory: /home/kotdath/omp/personal/cpp/mcpp/build/tests
"JsonRpcResponse.SuccessResult" start time: Feb 01 12:20 MSK
Output:
----------------------------------------------------------
Running main() from /home/kotdath/omp/personal/cpp/mcpp/build/_deps/googletest-src/googletest/src/gtest_main.cc
Note: Google Test filter = JsonRpcResponse.SuccessResult
[==========] Running 1 test from 1 test suite.
[----------] Global test environment set-up.
[----------] 1 test from JsonRpcResponse
[ RUN      ] JsonRpcResponse.SuccessResult
[       OK ] JsonRpcResponse.SuccessResult (0 ms)
[----------] 1 test from JsonRpcResponse (0 ms total)

[----------] Global test environment tear-down
[==========] 1 test from 1 test suite ran. (0 ms total)
[  PASSED  ] 1 test.
<end of output>
Test time =   0.00 sec
----------------------------------------------------------
Test Passed.
"JsonRpcResponse.SuccessResult" end time: Feb 01 12:20 MSK
"JsonRpcResponse.SuccessResult" time elapsed: 00:00:00
----------------------------------------------------------

10/184 Testing: JsonRpcResponse.ErrorResult
10/184 Test: JsonRpcResponse.ErrorResult
Command: "/home/kotdath/omp/personal/cpp/mcpp/build/tests/mcpp_unit_tests" "--gtest_filter=JsonRpcResponse.ErrorResult" "--gtest_also_run_disabled_tests"
Directory: /home/kotdath/omp/personal/cpp/mcpp/build/tests
"JsonRpcResponse.ErrorResult" start time: Feb 01 12:20 MSK
Output:
----------------------------------------------------------
Running main() from /home/kotdath/omp/personal/cpp/mcpp/build/_deps/googletest-src/googletest/src/gtest_main.cc
Note: Google Test filter = JsonRpcResponse.ErrorResult
[==========] Running 1 test from 1 test suite.
[----------] Global test environment set-up.
[----------] 1 test from JsonRpcResponse
[ RUN      ] JsonRpcResponse.ErrorResult
[       OK ] JsonRpcResponse.ErrorResult (0 ms)
[----------] 1 test from JsonRpcResponse (0 ms total)

[----------] Global test environment tear-down
[==========] 1 test from 1 test suite ran. (0 ms total)
[  PASSED  ] 1 test.
<end of output>
Test time =   0.00 sec
----------------------------------------------------------
Test Passed.
"JsonRpcResponse.ErrorResult" end time: Feb 01 12:20 MSK
"JsonRpcResponse.ErrorResult" time elapsed: 00:00:00
----------------------------------------------------------

11/184 Testing: JsonRpcResponse.ToJson_SuccessResponse
11/184 Test: JsonRpcResponse.ToJson_SuccessResponse
Command: "/home/kotdath/omp/personal/cpp/mcpp/build/tests/mcpp_unit_tests" "--gtest_filter=JsonRpcResponse.ToJson_SuccessResponse" "--gtest_also_run_disabled_tests"
Directory: /home/kotdath/omp/personal/cpp/mcpp/build/tests
"JsonRpcResponse.ToJson_SuccessResponse" start time: Feb 01 12:20 MSK
Output:
----------------------------------------------------------
Running main() from /home/kotdath/omp/personal/cpp/mcpp/build/_deps/googletest-src/googletest/src/gtest_main.cc
Note: Google Test filter = JsonRpcResponse.ToJson_SuccessResponse
[==========] Running 1 test from 1 test suite.
[----------] Global test environment set-up.
[----------] 1 test from JsonRpcResponse
[ RUN      ] JsonRpcResponse.ToJson_SuccessResponse
[       OK ] JsonRpcResponse.ToJson_SuccessResponse (0 ms)
[----------] 1 test from JsonRpcResponse (0 ms total)

[----------] Global test environment tear-down
[==========] 1 test from 1 test suite ran. (0 ms total)
[  PASSED  ] 1 test.
<end of output>
Test time =   0.00 sec
----------------------------------------------------------
Test Passed.
"JsonRpcResponse.ToJson_SuccessResponse" end time: Feb 01 12:20 MSK
"JsonRpcResponse.ToJson_SuccessResponse" time elapsed: 00:00:00
----------------------------------------------------------

12/184 Testing: JsonRpcResponse.ToJson_ErrorResponse
12/184 Test: JsonRpcResponse.ToJson_ErrorResponse
Command: "/home/kotdath/omp/personal/cpp/mcpp/build/tests/mcpp_unit_tests" "--gtest_filter=JsonRpcResponse.ToJson_ErrorResponse" "--gtest_also_run_disabled_tests"
Directory: /home/kotdath/omp/personal/cpp/mcpp/build/tests
"JsonRpcResponse.ToJson_ErrorResponse" start time: Feb 01 12:20 MSK
Output:
----------------------------------------------------------
Running main() from /home/kotdath/omp/personal/cpp/mcpp/build/_deps/googletest-src/googletest/src/gtest_main.cc
Note: Google Test filter = JsonRpcResponse.ToJson_ErrorResponse
[==========] Running 1 test from 1 test suite.
[----------] Global test environment set-up.
[----------] 1 test from JsonRpcResponse
[ RUN      ] JsonRpcResponse.ToJson_ErrorResponse
[       OK ] JsonRpcResponse.ToJson_ErrorResponse (0 ms)
[----------] 1 test from JsonRpcResponse (0 ms total)

[----------] Global test environment tear-down
[==========] 1 test from 1 test suite ran. (0 ms total)
[  PASSED  ] 1 test.
<end of output>
Test time =   0.00 sec
----------------------------------------------------------
Test Passed.
"JsonRpcResponse.ToJson_ErrorResponse" end time: Feb 01 12:20 MSK
"JsonRpcResponse.ToJson_ErrorResponse" time elapsed: 00:00:00
----------------------------------------------------------

13/184 Testing: JsonRpcResponse.ToString_SerializesCorrectly
13/184 Test: JsonRpcResponse.ToString_SerializesCorrectly
Command: "/home/kotdath/omp/personal/cpp/mcpp/build/tests/mcpp_unit_tests" "--gtest_filter=JsonRpcResponse.ToString_SerializesCorrectly" "--gtest_also_run_disabled_tests"
Directory: /home/kotdath/omp/personal/cpp/mcpp/build/tests
"JsonRpcResponse.ToString_SerializesCorrectly" start time: Feb 01 12:20 MSK
Output:
----------------------------------------------------------
Running main() from /home/kotdath/omp/personal/cpp/mcpp/build/_deps/googletest-src/googletest/src/gtest_main.cc
Note: Google Test filter = JsonRpcResponse.ToString_SerializesCorrectly
[==========] Running 1 test from 1 test suite.
[----------] Global test environment set-up.
[----------] 1 test from JsonRpcResponse
[ RUN      ] JsonRpcResponse.ToString_SerializesCorrectly
[       OK ] JsonRpcResponse.ToString_SerializesCorrectly (0 ms)
[----------] 1 test from JsonRpcResponse (0 ms total)

[----------] Global test environment tear-down
[==========] 1 test from 1 test suite ran. (0 ms total)
[  PASSED  ] 1 test.
<end of output>
Test time =   0.00 sec
----------------------------------------------------------
Test Passed.
"JsonRpcResponse.ToString_SerializesCorrectly" end time: Feb 01 12:20 MSK
"JsonRpcResponse.ToString_SerializesCorrectly" time elapsed: 00:00:00
----------------------------------------------------------

14/184 Testing: JsonRpcError.StandardErrorCodes
14/184 Test: JsonRpcError.StandardErrorCodes
Command: "/home/kotdath/omp/personal/cpp/mcpp/build/tests/mcpp_unit_tests" "--gtest_filter=JsonRpcError.StandardErrorCodes" "--gtest_also_run_disabled_tests"
Directory: /home/kotdath/omp/personal/cpp/mcpp/build/tests
"JsonRpcError.StandardErrorCodes" start time: Feb 01 12:20 MSK
Output:
----------------------------------------------------------
Running main() from /home/kotdath/omp/personal/cpp/mcpp/build/_deps/googletest-src/googletest/src/gtest_main.cc
Note: Google Test filter = JsonRpcError.StandardErrorCodes
[==========] Running 1 test from 1 test suite.
[----------] Global test environment set-up.
[----------] 1 test from JsonRpcError
[ RUN      ] JsonRpcError.StandardErrorCodes
[       OK ] JsonRpcError.StandardErrorCodes (0 ms)
[----------] 1 test from JsonRpcError (0 ms total)

[----------] Global test environment tear-down
[==========] 1 test from 1 test suite ran. (0 ms total)
[  PASSED  ] 1 test.
<end of output>
Test time =   0.00 sec
----------------------------------------------------------
Test Passed.
"JsonRpcError.StandardErrorCodes" end time: Feb 01 12:20 MSK
"JsonRpcError.StandardErrorCodes" time elapsed: 00:00:00
----------------------------------------------------------

15/184 Testing: JsonRpcError.FactoryMethods
15/184 Test: JsonRpcError.FactoryMethods
Command: "/home/kotdath/omp/personal/cpp/mcpp/build/tests/mcpp_unit_tests" "--gtest_filter=JsonRpcError.FactoryMethods" "--gtest_also_run_disabled_tests"
Directory: /home/kotdath/omp/personal/cpp/mcpp/build/tests
"JsonRpcError.FactoryMethods" start time: Feb 01 12:20 MSK
Output:
----------------------------------------------------------
Running main() from /home/kotdath/omp/personal/cpp/mcpp/build/_deps/googletest-src/googletest/src/gtest_main.cc
Note: Google Test filter = JsonRpcError.FactoryMethods
[==========] Running 1 test from 1 test suite.
[----------] Global test environment set-up.
[----------] 1 test from JsonRpcError
[ RUN      ] JsonRpcError.FactoryMethods
[       OK ] JsonRpcError.FactoryMethods (0 ms)
[----------] 1 test from JsonRpcError (0 ms total)

[----------] Global test environment tear-down
[==========] 1 test from 1 test suite ran. (0 ms total)
[  PASSED  ] 1 test.
<end of output>
Test time =   0.00 sec
----------------------------------------------------------
Test Passed.
"JsonRpcError.FactoryMethods" end time: Feb 01 12:20 MSK
"JsonRpcError.FactoryMethods" time elapsed: 00:00:00
----------------------------------------------------------

16/184 Testing: JsonRpcError.ToJson_SerializesCorrectly
16/184 Test: JsonRpcError.ToJson_SerializesCorrectly
Command: "/home/kotdath/omp/personal/cpp/mcpp/build/tests/mcpp_unit_tests" "--gtest_filter=JsonRpcError.ToJson_SerializesCorrectly" "--gtest_also_run_disabled_tests"
Directory: /home/kotdath/omp/personal/cpp/mcpp/build/tests
"JsonRpcError.ToJson_SerializesCorrectly" start time: Feb 01 12:20 MSK
Output:
----------------------------------------------------------
Running main() from /home/kotdath/omp/personal/cpp/mcpp/build/_deps/googletest-src/googletest/src/gtest_main.cc
Note: Google Test filter = JsonRpcError.ToJson_SerializesCorrectly
[==========] Running 1 test from 1 test suite.
[----------] Global test environment set-up.
[----------] 1 test from JsonRpcError
[ RUN      ] JsonRpcError.ToJson_SerializesCorrectly
[       OK ] JsonRpcError.ToJson_SerializesCorrectly (0 ms)
[----------] 1 test from JsonRpcError (0 ms total)

[----------] Global test environment tear-down
[==========] 1 test from 1 test suite ran. (0 ms total)
[  PASSED  ] 1 test.
<end of output>
Test time =   0.00 sec
----------------------------------------------------------
Test Passed.
"JsonRpcError.ToJson_SerializesCorrectly" end time: Feb 01 12:20 MSK
"JsonRpcError.ToJson_SerializesCorrectly" time elapsed: 00:00:00
----------------------------------------------------------

17/184 Testing: JsonRpcError.ToString_SerializesCorrectly
17/184 Test: JsonRpcError.ToString_SerializesCorrectly
Command: "/home/kotdath/omp/personal/cpp/mcpp/build/tests/mcpp_unit_tests" "--gtest_filter=JsonRpcError.ToString_SerializesCorrectly" "--gtest_also_run_disabled_tests"
Directory: /home/kotdath/omp/personal/cpp/mcpp/build/tests
"JsonRpcError.ToString_SerializesCorrectly" start time: Feb 01 12:20 MSK
Output:
----------------------------------------------------------
Running main() from /home/kotdath/omp/personal/cpp/mcpp/build/_deps/googletest-src/googletest/src/gtest_main.cc
Note: Google Test filter = JsonRpcError.ToString_SerializesCorrectly
[==========] Running 1 test from 1 test suite.
[----------] Global test environment set-up.
[----------] 1 test from JsonRpcError
[ RUN      ] JsonRpcError.ToString_SerializesCorrectly
[       OK ] JsonRpcError.ToString_SerializesCorrectly (0 ms)
[----------] 1 test from JsonRpcError (0 ms total)

[----------] Global test environment tear-down
[==========] 1 test from 1 test suite ran. (0 ms total)
[  PASSED  ] 1 test.
<end of output>
Test time =   0.00 sec
----------------------------------------------------------
Test Passed.
"JsonRpcError.ToString_SerializesCorrectly" end time: Feb 01 12:20 MSK
"JsonRpcError.ToString_SerializesCorrectly" time elapsed: 00:00:00
----------------------------------------------------------

18/184 Testing: JsonRpcError.FactoryWithoutDetails
18/184 Test: JsonRpcError.FactoryWithoutDetails
Command: "/home/kotdath/omp/personal/cpp/mcpp/build/tests/mcpp_unit_tests" "--gtest_filter=JsonRpcError.FactoryWithoutDetails" "--gtest_also_run_disabled_tests"
Directory: /home/kotdath/omp/personal/cpp/mcpp/build/tests
"JsonRpcError.FactoryWithoutDetails" start time: Feb 01 12:20 MSK
Output:
----------------------------------------------------------
Running main() from /home/kotdath/omp/personal/cpp/mcpp/build/_deps/googletest-src/googletest/src/gtest_main.cc
Note: Google Test filter = JsonRpcError.FactoryWithoutDetails
[==========] Running 1 test from 1 test suite.
[----------] Global test environment set-up.
[----------] 1 test from JsonRpcError
[ RUN      ] JsonRpcError.FactoryWithoutDetails
[       OK ] JsonRpcError.FactoryWithoutDetails (0 ms)
[----------] 1 test from JsonRpcError (0 ms total)

[----------] Global test environment tear-down
[==========] 1 test from 1 test suite ran. (0 ms total)
[  PASSED  ] 1 test.
<end of output>
Test time =   0.00 sec
----------------------------------------------------------
Test Passed.
"JsonRpcError.FactoryWithoutDetails" end time: Feb 01 12:20 MSK
"JsonRpcError.FactoryWithoutDetails" time elapsed: 00:00:00
----------------------------------------------------------

19/184 Testing: JsonRpcNotification.Construction
19/184 Test: JsonRpcNotification.Construction
Command: "/home/kotdath/omp/personal/cpp/mcpp/build/tests/mcpp_unit_tests" "--gtest_filter=JsonRpcNotification.Construction" "--gtest_also_run_disabled_tests"
Directory: /home/kotdath/omp/personal/cpp/mcpp/build/tests
"JsonRpcNotification.Construction" start time: Feb 01 12:20 MSK
Output:
----------------------------------------------------------
Running main() from /home/kotdath/omp/personal/cpp/mcpp/build/_deps/googletest-src/googletest/src/gtest_main.cc
Note: Google Test filter = JsonRpcNotification.Construction
[==========] Running 1 test from 1 test suite.
[----------] Global test environment set-up.
[----------] 1 test from JsonRpcNotification
[ RUN      ] JsonRpcNotification.Construction
[       OK ] JsonRpcNotification.Construction (0 ms)
[----------] 1 test from JsonRpcNotification (0 ms total)

[----------] Global test environment tear-down
[==========] 1 test from 1 test suite ran. (0 ms total)
[  PASSED  ] 1 test.
<end of output>
Test time =   0.00 sec
----------------------------------------------------------
Test Passed.
"JsonRpcNotification.Construction" end time: Feb 01 12:20 MSK
"JsonRpcNotification.Construction" time elapsed: 00:00:00
----------------------------------------------------------

20/184 Testing: JsonRpcNotification.Construction_WithNullParams
20/184 Test: JsonRpcNotification.Construction_WithNullParams
Command: "/home/kotdath/omp/personal/cpp/mcpp/build/tests/mcpp_unit_tests" "--gtest_filter=JsonRpcNotification.Construction_WithNullParams" "--gtest_also_run_disabled_tests"
Directory: /home/kotdath/omp/personal/cpp/mcpp/build/tests
"JsonRpcNotification.Construction_WithNullParams" start time: Feb 01 12:20 MSK
Output:
----------------------------------------------------------
Running main() from /home/kotdath/omp/personal/cpp/mcpp/build/_deps/googletest-src/googletest/src/gtest_main.cc
Note: Google Test filter = JsonRpcNotification.Construction_WithNullParams
[==========] Running 1 test from 1 test suite.
[----------] Global test environment set-up.
[----------] 1 test from JsonRpcNotification
[ RUN      ] JsonRpcNotification.Construction_WithNullParams
[       OK ] JsonRpcNotification.Construction_WithNullParams (0 ms)
[----------] 1 test from JsonRpcNotification (0 ms total)

[----------] Global test environment tear-down
[==========] 1 test from 1 test suite ran. (0 ms total)
[  PASSED  ] 1 test.
<end of output>
Test time =   0.00 sec
----------------------------------------------------------
Test Passed.
"JsonRpcNotification.Construction_WithNullParams" end time: Feb 01 12:20 MSK
"JsonRpcNotification.Construction_WithNullParams" time elapsed: 00:00:00
----------------------------------------------------------

21/184 Testing: JsonRpcNotification.ToJson
21/184 Test: JsonRpcNotification.ToJson
Command: "/home/kotdath/omp/personal/cpp/mcpp/build/tests/mcpp_unit_tests" "--gtest_filter=JsonRpcNotification.ToJson" "--gtest_also_run_disabled_tests"
Directory: /home/kotdath/omp/personal/cpp/mcpp/build/tests
"JsonRpcNotification.ToJson" start time: Feb 01 12:20 MSK
Output:
----------------------------------------------------------
Running main() from /home/kotdath/omp/personal/cpp/mcpp/build/_deps/googletest-src/googletest/src/gtest_main.cc
Note: Google Test filter = JsonRpcNotification.ToJson
[==========] Running 1 test from 1 test suite.
[----------] Global test environment set-up.
[----------] 1 test from JsonRpcNotification
[ RUN      ] JsonRpcNotification.ToJson
[       OK ] JsonRpcNotification.ToJson (0 ms)
[----------] 1 test from JsonRpcNotification (0 ms total)

[----------] Global test environment tear-down
[==========] 1 test from 1 test suite ran. (0 ms total)
[  PASSED  ] 1 test.
<end of output>
Test time =   0.00 sec
----------------------------------------------------------
Test Passed.
"JsonRpcNotification.ToJson" end time: Feb 01 12:20 MSK
"JsonRpcNotification.ToJson" time elapsed: 00:00:00
----------------------------------------------------------

22/184 Testing: JsonRpcNotification.ToJson_WithParams
22/184 Test: JsonRpcNotification.ToJson_WithParams
Command: "/home/kotdath/omp/personal/cpp/mcpp/build/tests/mcpp_unit_tests" "--gtest_filter=JsonRpcNotification.ToJson_WithParams" "--gtest_also_run_disabled_tests"
Directory: /home/kotdath/omp/personal/cpp/mcpp/build/tests
"JsonRpcNotification.ToJson_WithParams" start time: Feb 01 12:20 MSK
Output:
----------------------------------------------------------
Running main() from /home/kotdath/omp/personal/cpp/mcpp/build/_deps/googletest-src/googletest/src/gtest_main.cc
Note: Google Test filter = JsonRpcNotification.ToJson_WithParams
[==========] Running 1 test from 1 test suite.
[----------] Global test environment set-up.
[----------] 1 test from JsonRpcNotification
[ RUN      ] JsonRpcNotification.ToJson_WithParams
[       OK ] JsonRpcNotification.ToJson_WithParams (0 ms)
[----------] 1 test from JsonRpcNotification (0 ms total)

[----------] Global test environment tear-down
[==========] 1 test from 1 test suite ran. (0 ms total)
[  PASSED  ] 1 test.
<end of output>
Test time =   0.00 sec
----------------------------------------------------------
Test Passed.
"JsonRpcNotification.ToJson_WithParams" end time: Feb 01 12:20 MSK
"JsonRpcNotification.ToJson_WithParams" time elapsed: 00:00:00
----------------------------------------------------------

23/184 Testing: JsonRpcNotification.ToString_SerializesCorrectly
23/184 Test: JsonRpcNotification.ToString_SerializesCorrectly
Command: "/home/kotdath/omp/personal/cpp/mcpp/build/tests/mcpp_unit_tests" "--gtest_filter=JsonRpcNotification.ToString_SerializesCorrectly" "--gtest_also_run_disabled_tests"
Directory: /home/kotdath/omp/personal/cpp/mcpp/build/tests
"JsonRpcNotification.ToString_SerializesCorrectly" start time: Feb 01 12:20 MSK
Output:
----------------------------------------------------------
Running main() from /home/kotdath/omp/personal/cpp/mcpp/build/_deps/googletest-src/googletest/src/gtest_main.cc
Note: Google Test filter = JsonRpcNotification.ToString_SerializesCorrectly
[==========] Running 1 test from 1 test suite.
[----------] Global test environment set-up.
[----------] 1 test from JsonRpcNotification
[ RUN      ] JsonRpcNotification.ToString_SerializesCorrectly
[       OK ] JsonRpcNotification.ToString_SerializesCorrectly (0 ms)
[----------] 1 test from JsonRpcNotification (0 ms total)

[----------] Global test environment tear-down
[==========] 1 test from 1 test suite ran. (0 ms total)
[  PASSED  ] 1 test.
<end of output>
Test time =   0.00 sec
----------------------------------------------------------
Test Passed.
"JsonRpcNotification.ToString_SerializesCorrectly" end time: Feb 01 12:20 MSK
"JsonRpcNotification.ToString_SerializesCorrectly" time elapsed: 00:00:00
----------------------------------------------------------

24/184 Testing: RequestId.IntId_Visit
24/184 Test: RequestId.IntId_Visit
Command: "/home/kotdath/omp/personal/cpp/mcpp/build/tests/mcpp_unit_tests" "--gtest_filter=RequestId.IntId_Visit" "--gtest_also_run_disabled_tests"
Directory: /home/kotdath/omp/personal/cpp/mcpp/build/tests
"RequestId.IntId_Visit" start time: Feb 01 12:20 MSK
Output:
----------------------------------------------------------
Running main() from /home/kotdath/omp/personal/cpp/mcpp/build/_deps/googletest-src/googletest/src/gtest_main.cc
Note: Google Test filter = RequestId.IntId_Visit
[==========] Running 1 test from 1 test suite.
[----------] Global test environment set-up.
[----------] 1 test from RequestId
[ RUN      ] RequestId.IntId_Visit
[       OK ] RequestId.IntId_Visit (0 ms)
[----------] 1 test from RequestId (0 ms total)

[----------] Global test environment tear-down
[==========] 1 test from 1 test suite ran. (0 ms total)
[  PASSED  ] 1 test.
<end of output>
Test time =   0.00 sec
----------------------------------------------------------
Test Passed.
"RequestId.IntId_Visit" end time: Feb 01 12:20 MSK
"RequestId.IntId_Visit" time elapsed: 00:00:00
----------------------------------------------------------

25/184 Testing: RequestId.StringId_Visit
25/184 Test: RequestId.StringId_Visit
Command: "/home/kotdath/omp/personal/cpp/mcpp/build/tests/mcpp_unit_tests" "--gtest_filter=RequestId.StringId_Visit" "--gtest_also_run_disabled_tests"
Directory: /home/kotdath/omp/personal/cpp/mcpp/build/tests
"RequestId.StringId_Visit" start time: Feb 01 12:20 MSK
Output:
----------------------------------------------------------
Running main() from /home/kotdath/omp/personal/cpp/mcpp/build/_deps/googletest-src/googletest/src/gtest_main.cc
Note: Google Test filter = RequestId.StringId_Visit
[==========] Running 1 test from 1 test suite.
[----------] Global test environment set-up.
[----------] 1 test from RequestId
[ RUN      ] RequestId.StringId_Visit
[       OK ] RequestId.StringId_Visit (0 ms)
[----------] 1 test from RequestId (0 ms total)

[----------] Global test environment tear-down
[==========] 1 test from 1 test suite ran. (0 ms total)
[  PASSED  ] 1 test.
<end of output>
Test time =   0.00 sec
----------------------------------------------------------
Test Passed.
"RequestId.StringId_Visit" end time: Feb 01 12:20 MSK
"RequestId.StringId_Visit" time elapsed: 00:00:00
----------------------------------------------------------

26/184 Testing: JsonRpcIntegration.RequestResponseRoundTrip
26/184 Test: JsonRpcIntegration.RequestResponseRoundTrip
Command: "/home/kotdath/omp/personal/cpp/mcpp/build/tests/mcpp_unit_tests" "--gtest_filter=JsonRpcIntegration.RequestResponseRoundTrip" "--gtest_also_run_disabled_tests"
Directory: /home/kotdath/omp/personal/cpp/mcpp/build/tests
"JsonRpcIntegration.RequestResponseRoundTrip" start time: Feb 01 12:20 MSK
Output:
----------------------------------------------------------
Running main() from /home/kotdath/omp/personal/cpp/mcpp/build/_deps/googletest-src/googletest/src/gtest_main.cc
Note: Google Test filter = JsonRpcIntegration.RequestResponseRoundTrip
[==========] Running 1 test from 1 test suite.
[----------] Global test environment set-up.
[----------] 1 test from JsonRpcIntegration
[ RUN      ] JsonRpcIntegration.RequestResponseRoundTrip
[       OK ] JsonRpcIntegration.RequestResponseRoundTrip (0 ms)
[----------] 1 test from JsonRpcIntegration (0 ms total)

[----------] Global test environment tear-down
[==========] 1 test from 1 test suite ran. (0 ms total)
[  PASSED  ] 1 test.
<end of output>
Test time =   0.00 sec
----------------------------------------------------------
Test Passed.
"JsonRpcIntegration.RequestResponseRoundTrip" end time: Feb 01 12:20 MSK
"JsonRpcIntegration.RequestResponseRoundTrip" time elapsed: 00:00:00
----------------------------------------------------------

27/184 Testing: JsonRpcIntegration.ErrorResponseRoundTrip
27/184 Test: JsonRpcIntegration.ErrorResponseRoundTrip
Command: "/home/kotdath/omp/personal/cpp/mcpp/build/tests/mcpp_unit_tests" "--gtest_filter=JsonRpcIntegration.ErrorResponseRoundTrip" "--gtest_also_run_disabled_tests"
Directory: /home/kotdath/omp/personal/cpp/mcpp/build/tests
"JsonRpcIntegration.ErrorResponseRoundTrip" start time: Feb 01 12:20 MSK
Output:
----------------------------------------------------------
Running main() from /home/kotdath/omp/personal/cpp/mcpp/build/_deps/googletest-src/googletest/src/gtest_main.cc
Note: Google Test filter = JsonRpcIntegration.ErrorResponseRoundTrip
[==========] Running 1 test from 1 test suite.
[----------] Global test environment set-up.
[----------] 1 test from JsonRpcIntegration
[ RUN      ] JsonRpcIntegration.ErrorResponseRoundTrip
[       OK ] JsonRpcIntegration.ErrorResponseRoundTrip (0 ms)
[----------] 1 test from JsonRpcIntegration (0 ms total)

[----------] Global test environment tear-down
[==========] 1 test from 1 test suite ran. (0 ms total)
[  PASSED  ] 1 test.
<end of output>
Test time =   0.00 sec
----------------------------------------------------------
Test Passed.
"JsonRpcIntegration.ErrorResponseRoundTrip" end time: Feb 01 12:20 MSK
"JsonRpcIntegration.ErrorResponseRoundTrip" time elapsed: 00:00:00
----------------------------------------------------------

28/184 Testing: JsonRpcIntegration.NotificationNoId
28/184 Test: JsonRpcIntegration.NotificationNoId
Command: "/home/kotdath/omp/personal/cpp/mcpp/build/tests/mcpp_unit_tests" "--gtest_filter=JsonRpcIntegration.NotificationNoId" "--gtest_also_run_disabled_tests"
Directory: /home/kotdath/omp/personal/cpp/mcpp/build/tests
"JsonRpcIntegration.NotificationNoId" start time: Feb 01 12:20 MSK
Output:
----------------------------------------------------------
Running main() from /home/kotdath/omp/personal/cpp/mcpp/build/_deps/googletest-src/googletest/src/gtest_main.cc
Note: Google Test filter = JsonRpcIntegration.NotificationNoId
[==========] Running 1 test from 1 test suite.
[----------] Global test environment set-up.
[----------] 1 test from JsonRpcIntegration
[ RUN      ] JsonRpcIntegration.NotificationNoId
[       OK ] JsonRpcIntegration.NotificationNoId (0 ms)
[----------] 1 test from JsonRpcIntegration (0 ms total)

[----------] Global test environment tear-down
[==========] 1 test from 1 test suite ran. (0 ms total)
[  PASSED  ] 1 test.
<end of output>
Test time =   0.00 sec
----------------------------------------------------------
Test Passed.
"JsonRpcIntegration.NotificationNoId" end time: Feb 01 12:20 MSK
"JsonRpcIntegration.NotificationNoId" time elapsed: 00:00:00
----------------------------------------------------------

29/184 Testing: RequestTrackerTest.NextId_Increments
29/184 Test: RequestTrackerTest.NextId_Increments
Command: "/home/kotdath/omp/personal/cpp/mcpp/build/tests/mcpp_unit_tests" "--gtest_filter=RequestTrackerTest.NextId_Increments" "--gtest_also_run_disabled_tests"
Directory: /home/kotdath/omp/personal/cpp/mcpp/build/tests
"RequestTrackerTest.NextId_Increments" start time: Feb 01 12:20 MSK
Output:
----------------------------------------------------------
Running main() from /home/kotdath/omp/personal/cpp/mcpp/build/_deps/googletest-src/googletest/src/gtest_main.cc
Note: Google Test filter = RequestTrackerTest.NextId_Increments
[==========] Running 1 test from 1 test suite.
[----------] Global test environment set-up.
[----------] 1 test from RequestTrackerTest
[ RUN      ] RequestTrackerTest.NextId_Increments
[       OK ] RequestTrackerTest.NextId_Increments (0 ms)
[----------] 1 test from RequestTrackerTest (0 ms total)

[----------] Global test environment tear-down
[==========] 1 test from 1 test suite ran. (0 ms total)
[  PASSED  ] 1 test.
<end of output>
Test time =   0.00 sec
----------------------------------------------------------
Test Passed.
"RequestTrackerTest.NextId_Increments" end time: Feb 01 12:20 MSK
"RequestTrackerTest.NextId_Increments" time elapsed: 00:00:00
----------------------------------------------------------

30/184 Testing: RequestTrackerTest.NextId_ReturnsInt64
30/184 Test: RequestTrackerTest.NextId_ReturnsInt64
Command: "/home/kotdath/omp/personal/cpp/mcpp/build/tests/mcpp_unit_tests" "--gtest_filter=RequestTrackerTest.NextId_ReturnsInt64" "--gtest_also_run_disabled_tests"
Directory: /home/kotdath/omp/personal/cpp/mcpp/build/tests
"RequestTrackerTest.NextId_ReturnsInt64" start time: Feb 01 12:20 MSK
Output:
----------------------------------------------------------
Running main() from /home/kotdath/omp/personal/cpp/mcpp/build/_deps/googletest-src/googletest/src/gtest_main.cc
Note: Google Test filter = RequestTrackerTest.NextId_ReturnsInt64
[==========] Running 1 test from 1 test suite.
[----------] Global test environment set-up.
[----------] 1 test from RequestTrackerTest
[ RUN      ] RequestTrackerTest.NextId_ReturnsInt64
[       OK ] RequestTrackerTest.NextId_ReturnsInt64 (0 ms)
[----------] 1 test from RequestTrackerTest (0 ms total)

[----------] Global test environment tear-down
[==========] 1 test from 1 test suite ran. (0 ms total)
[  PASSED  ] 1 test.
<end of output>
Test time =   0.00 sec
----------------------------------------------------------
Test Passed.
"RequestTrackerTest.NextId_ReturnsInt64" end time: Feb 01 12:20 MSK
"RequestTrackerTest.NextId_ReturnsInt64" time elapsed: 00:00:00
----------------------------------------------------------

31/184 Testing: RequestTrackerTest.RegisterPending_CallbackStored
31/184 Test: RequestTrackerTest.RegisterPending_CallbackStored
Command: "/home/kotdath/omp/personal/cpp/mcpp/build/tests/mcpp_unit_tests" "--gtest_filter=RequestTrackerTest.RegisterPending_CallbackStored" "--gtest_also_run_disabled_tests"
Directory: /home/kotdath/omp/personal/cpp/mcpp/build/tests
"RequestTrackerTest.RegisterPending_CallbackStored" start time: Feb 01 12:20 MSK
Output:
----------------------------------------------------------
Running main() from /home/kotdath/omp/personal/cpp/mcpp/build/_deps/googletest-src/googletest/src/gtest_main.cc
Note: Google Test filter = RequestTrackerTest.RegisterPending_CallbackStored
[==========] Running 1 test from 1 test suite.
[----------] Global test environment set-up.
[----------] 1 test from RequestTrackerTest
[ RUN      ] RequestTrackerTest.RegisterPending_CallbackStored
[       OK ] RequestTrackerTest.RegisterPending_CallbackStored (0 ms)
[----------] 1 test from RequestTrackerTest (0 ms total)

[----------] Global test environment tear-down
[==========] 1 test from 1 test suite ran. (0 ms total)
[  PASSED  ] 1 test.
<end of output>
Test time =   0.00 sec
----------------------------------------------------------
Test Passed.
"RequestTrackerTest.RegisterPending_CallbackStored" end time: Feb 01 12:20 MSK
"RequestTrackerTest.RegisterPending_CallbackStored" time elapsed: 00:00:00
----------------------------------------------------------

32/184 Testing: RequestTrackerTest.Unregister_RemovesPendingRequest
32/184 Test: RequestTrackerTest.Unregister_RemovesPendingRequest
Command: "/home/kotdath/omp/personal/cpp/mcpp/build/tests/mcpp_unit_tests" "--gtest_filter=RequestTrackerTest.Unregister_RemovesPendingRequest" "--gtest_also_run_disabled_tests"
Directory: /home/kotdath/omp/personal/cpp/mcpp/build/tests
"RequestTrackerTest.Unregister_RemovesPendingRequest" start time: Feb 01 12:20 MSK
Output:
----------------------------------------------------------
Running main() from /home/kotdath/omp/personal/cpp/mcpp/build/_deps/googletest-src/googletest/src/gtest_main.cc
Note: Google Test filter = RequestTrackerTest.Unregister_RemovesPendingRequest
[==========] Running 1 test from 1 test suite.
[----------] Global test environment set-up.
[----------] 1 test from RequestTrackerTest
[ RUN      ] RequestTrackerTest.Unregister_RemovesPendingRequest
[       OK ] RequestTrackerTest.Unregister_RemovesPendingRequest (0 ms)
[----------] 1 test from RequestTrackerTest (0 ms total)

[----------] Global test environment tear-down
[==========] 1 test from 1 test suite ran. (0 ms total)
[  PASSED  ] 1 test.
<end of output>
Test time =   0.00 sec
----------------------------------------------------------
Test Passed.
"RequestTrackerTest.Unregister_RemovesPendingRequest" end time: Feb 01 12:20 MSK
"RequestTrackerTest.Unregister_RemovesPendingRequest" time elapsed: 00:00:00
----------------------------------------------------------

33/184 Testing: RequestTrackerTest.Complete_InvokesCallback
33/184 Test: RequestTrackerTest.Complete_InvokesCallback
Command: "/home/kotdath/omp/personal/cpp/mcpp/build/tests/mcpp_unit_tests" "--gtest_filter=RequestTrackerTest.Complete_InvokesCallback" "--gtest_also_run_disabled_tests"
Directory: /home/kotdath/omp/personal/cpp/mcpp/build/tests
"RequestTrackerTest.Complete_InvokesCallback" start time: Feb 01 12:20 MSK
Output:
----------------------------------------------------------
Running main() from /home/kotdath/omp/personal/cpp/mcpp/build/_deps/googletest-src/googletest/src/gtest_main.cc
Note: Google Test filter = RequestTrackerTest.Complete_InvokesCallback
[==========] Running 1 test from 1 test suite.
[----------] Global test environment set-up.
[----------] 1 test from RequestTrackerTest
[ RUN      ] RequestTrackerTest.Complete_InvokesCallback
[       OK ] RequestTrackerTest.Complete_InvokesCallback (0 ms)
[----------] 1 test from RequestTrackerTest (0 ms total)

[----------] Global test environment tear-down
[==========] 1 test from 1 test suite ran. (0 ms total)
[  PASSED  ] 1 test.
<end of output>
Test time =   0.00 sec
----------------------------------------------------------
Test Passed.
"RequestTrackerTest.Complete_InvokesCallback" end time: Feb 01 12:20 MSK
"RequestTrackerTest.Complete_InvokesCallback" time elapsed: 00:00:00
----------------------------------------------------------

34/184 Testing: RequestTrackerTest.Complete_NonExistentId_ReturnsNullopt
34/184 Test: RequestTrackerTest.Complete_NonExistentId_ReturnsNullopt
Command: "/home/kotdath/omp/personal/cpp/mcpp/build/tests/mcpp_unit_tests" "--gtest_filter=RequestTrackerTest.Complete_NonExistentId_ReturnsNullopt" "--gtest_also_run_disabled_tests"
Directory: /home/kotdath/omp/personal/cpp/mcpp/build/tests
"RequestTrackerTest.Complete_NonExistentId_ReturnsNullopt" start time: Feb 01 12:20 MSK
Output:
----------------------------------------------------------
Running main() from /home/kotdath/omp/personal/cpp/mcpp/build/_deps/googletest-src/googletest/src/gtest_main.cc
Note: Google Test filter = RequestTrackerTest.Complete_NonExistentId_ReturnsNullopt
[==========] Running 1 test from 1 test suite.
[----------] Global test environment set-up.
[----------] 1 test from RequestTrackerTest
[ RUN      ] RequestTrackerTest.Complete_NonExistentId_ReturnsNullopt
[       OK ] RequestTrackerTest.Complete_NonExistentId_ReturnsNullopt (0 ms)
[----------] 1 test from RequestTrackerTest (0 ms total)

[----------] Global test environment tear-down
[==========] 1 test from 1 test suite ran. (0 ms total)
[  PASSED  ] 1 test.
<end of output>
Test time =   0.00 sec
----------------------------------------------------------
Test Passed.
"RequestTrackerTest.Complete_NonExistentId_ReturnsNullopt" end time: Feb 01 12:20 MSK
"RequestTrackerTest.Complete_NonExistentId_ReturnsNullopt" time elapsed: 00:00:00
----------------------------------------------------------

35/184 Testing: RequestTrackerTest.Complete_MultipleRequests_TrackedSeparately
35/184 Test: RequestTrackerTest.Complete_MultipleRequests_TrackedSeparately
Command: "/home/kotdath/omp/personal/cpp/mcpp/build/tests/mcpp_unit_tests" "--gtest_filter=RequestTrackerTest.Complete_MultipleRequests_TrackedSeparately" "--gtest_also_run_disabled_tests"
Directory: /home/kotdath/omp/personal/cpp/mcpp/build/tests
"RequestTrackerTest.Complete_MultipleRequests_TrackedSeparately" start time: Feb 01 12:20 MSK
Output:
----------------------------------------------------------
Running main() from /home/kotdath/omp/personal/cpp/mcpp/build/_deps/googletest-src/googletest/src/gtest_main.cc
Note: Google Test filter = RequestTrackerTest.Complete_MultipleRequests_TrackedSeparately
[==========] Running 1 test from 1 test suite.
[----------] Global test environment set-up.
[----------] 1 test from RequestTrackerTest
[ RUN      ] RequestTrackerTest.Complete_MultipleRequests_TrackedSeparately
[       OK ] RequestTrackerTest.Complete_MultipleRequests_TrackedSeparately (0 ms)
[----------] 1 test from RequestTrackerTest (0 ms total)

[----------] Global test environment tear-down
[==========] 1 test from 1 test suite ran. (0 ms total)
[  PASSED  ] 1 test.
<end of output>
Test time =   0.00 sec
----------------------------------------------------------
Test Passed.
"RequestTrackerTest.Complete_MultipleRequests_TrackedSeparately" end time: Feb 01 12:20 MSK
"RequestTrackerTest.Complete_MultipleRequests_TrackedSeparately" time elapsed: 00:00:00
----------------------------------------------------------

36/184 Testing: RequestTrackerTest.PendingCount_Accurate
36/184 Test: RequestTrackerTest.PendingCount_Accurate
Command: "/home/kotdath/omp/personal/cpp/mcpp/build/tests/mcpp_unit_tests" "--gtest_filter=RequestTrackerTest.PendingCount_Accurate" "--gtest_also_run_disabled_tests"
Directory: /home/kotdath/omp/personal/cpp/mcpp/build/tests
"RequestTrackerTest.PendingCount_Accurate" start time: Feb 01 12:20 MSK
Output:
----------------------------------------------------------
Running main() from /home/kotdath/omp/personal/cpp/mcpp/build/_deps/googletest-src/googletest/src/gtest_main.cc
Note: Google Test filter = RequestTrackerTest.PendingCount_Accurate
[==========] Running 1 test from 1 test suite.
[----------] Global test environment set-up.
[----------] 1 test from RequestTrackerTest
[ RUN      ] RequestTrackerTest.PendingCount_Accurate
[       OK ] RequestTrackerTest.PendingCount_Accurate (0 ms)
[----------] 1 test from RequestTrackerTest (0 ms total)

[----------] Global test environment tear-down
[==========] 1 test from 1 test suite ran. (0 ms total)
[  PASSED  ] 1 test.
<end of output>
Test time =   0.00 sec
----------------------------------------------------------
Test Passed.
"RequestTrackerTest.PendingCount_Accurate" end time: Feb 01 12:20 MSK
"RequestTrackerTest.PendingCount_Accurate" time elapsed: 00:00:00
----------------------------------------------------------

37/184 Testing: RequestTrackerTest.Cancel_NonExistentId_NoEffect
37/184 Test: RequestTrackerTest.Cancel_NonExistentId_NoEffect
Command: "/home/kotdath/omp/personal/cpp/mcpp/build/tests/mcpp_unit_tests" "--gtest_filter=RequestTrackerTest.Cancel_NonExistentId_NoEffect" "--gtest_also_run_disabled_tests"
Directory: /home/kotdath/omp/personal/cpp/mcpp/build/tests
"RequestTrackerTest.Cancel_NonExistentId_NoEffect" start time: Feb 01 12:20 MSK
Output:
----------------------------------------------------------
Running main() from /home/kotdath/omp/personal/cpp/mcpp/build/_deps/googletest-src/googletest/src/gtest_main.cc
Note: Google Test filter = RequestTrackerTest.Cancel_NonExistentId_NoEffect
[==========] Running 1 test from 1 test suite.
[----------] Global test environment set-up.
[----------] 1 test from RequestTrackerTest
[ RUN      ] RequestTrackerTest.Cancel_NonExistentId_NoEffect
[       OK ] RequestTrackerTest.Cancel_NonExistentId_NoEffect (0 ms)
[----------] 1 test from RequestTrackerTest (0 ms total)

[----------] Global test environment tear-down
[==========] 1 test from 1 test suite ran. (0 ms total)
[  PASSED  ] 1 test.
<end of output>
Test time =   0.00 sec
----------------------------------------------------------
Test Passed.
"RequestTrackerTest.Cancel_NonExistentId_NoEffect" end time: Feb 01 12:20 MSK
"RequestTrackerTest.Cancel_NonExistentId_NoEffect" time elapsed: 00:00:00
----------------------------------------------------------

38/184 Testing: RequestTrackerTest.ErrorCallback_StoredCorrectly
38/184 Test: RequestTrackerTest.ErrorCallback_StoredCorrectly
Command: "/home/kotdath/omp/personal/cpp/mcpp/build/tests/mcpp_unit_tests" "--gtest_filter=RequestTrackerTest.ErrorCallback_StoredCorrectly" "--gtest_also_run_disabled_tests"
Directory: /home/kotdath/omp/personal/cpp/mcpp/build/tests
"RequestTrackerTest.ErrorCallback_StoredCorrectly" start time: Feb 01 12:20 MSK
Output:
----------------------------------------------------------
Running main() from /home/kotdath/omp/personal/cpp/mcpp/build/_deps/googletest-src/googletest/src/gtest_main.cc
Note: Google Test filter = RequestTrackerTest.ErrorCallback_StoredCorrectly
[==========] Running 1 test from 1 test suite.
[----------] Global test environment set-up.
[----------] 1 test from RequestTrackerTest
[ RUN      ] RequestTrackerTest.ErrorCallback_StoredCorrectly
[       OK ] RequestTrackerTest.ErrorCallback_StoredCorrectly (0 ms)
[----------] 1 test from RequestTrackerTest (0 ms total)

[----------] Global test environment tear-down
[==========] 1 test from 1 test suite ran. (0 ms total)
[  PASSED  ] 1 test.
<end of output>
Test time =   0.00 sec
----------------------------------------------------------
Test Passed.
"RequestTrackerTest.ErrorCallback_StoredCorrectly" end time: Feb 01 12:20 MSK
"RequestTrackerTest.ErrorCallback_StoredCorrectly" time elapsed: 00:00:00
----------------------------------------------------------

39/184 Testing: RequestTrackerTest.StringId_Supported
39/184 Test: RequestTrackerTest.StringId_Supported
Command: "/home/kotdath/omp/personal/cpp/mcpp/build/tests/mcpp_unit_tests" "--gtest_filter=RequestTrackerTest.StringId_Supported" "--gtest_also_run_disabled_tests"
Directory: /home/kotdath/omp/personal/cpp/mcpp/build/tests
"RequestTrackerTest.StringId_Supported" start time: Feb 01 12:20 MSK
Output:
----------------------------------------------------------
Running main() from /home/kotdath/omp/personal/cpp/mcpp/build/_deps/googletest-src/googletest/src/gtest_main.cc
Note: Google Test filter = RequestTrackerTest.StringId_Supported
[==========] Running 1 test from 1 test suite.
[----------] Global test environment set-up.
[----------] 1 test from RequestTrackerTest
[ RUN      ] RequestTrackerTest.StringId_Supported
[       OK ] RequestTrackerTest.StringId_Supported (0 ms)
[----------] 1 test from RequestTrackerTest (0 ms total)

[----------] Global test environment tear-down
[==========] 1 test from 1 test suite ran. (0 ms total)
[  PASSED  ] 1 test.
<end of output>
Test time =   0.00 sec
----------------------------------------------------------
Test Passed.
"RequestTrackerTest.StringId_Supported" end time: Feb 01 12:20 MSK
"RequestTrackerTest.StringId_Supported" time elapsed: 00:00:00
----------------------------------------------------------

40/184 Testing: TimeoutManagerTest.SetTimeout_RequestTracked
40/184 Test: TimeoutManagerTest.SetTimeout_RequestTracked
Command: "/home/kotdath/omp/personal/cpp/mcpp/build/tests/mcpp_unit_tests" "--gtest_filter=TimeoutManagerTest.SetTimeout_RequestTracked" "--gtest_also_run_disabled_tests"
Directory: /home/kotdath/omp/personal/cpp/mcpp/build/tests
"TimeoutManagerTest.SetTimeout_RequestTracked" start time: Feb 01 12:20 MSK
Output:
----------------------------------------------------------
Running main() from /home/kotdath/omp/personal/cpp/mcpp/build/_deps/googletest-src/googletest/src/gtest_main.cc
Note: Google Test filter = TimeoutManagerTest.SetTimeout_RequestTracked
[==========] Running 1 test from 1 test suite.
[----------] Global test environment set-up.
[----------] 1 test from TimeoutManagerTest
[ RUN      ] TimeoutManagerTest.SetTimeout_RequestTracked
[       OK ] TimeoutManagerTest.SetTimeout_RequestTracked (0 ms)
[----------] 1 test from TimeoutManagerTest (0 ms total)

[----------] Global test environment tear-down
[==========] 1 test from 1 test suite ran. (0 ms total)
[  PASSED  ] 1 test.
<end of output>
Test time =   0.00 sec
----------------------------------------------------------
Test Passed.
"TimeoutManagerTest.SetTimeout_RequestTracked" end time: Feb 01 12:20 MSK
"TimeoutManagerTest.SetTimeout_RequestTracked" time elapsed: 00:00:00
----------------------------------------------------------

41/184 Testing: TimeoutManagerTest.SetTimeout_ThenCancel_NotExpired
41/184 Test: TimeoutManagerTest.SetTimeout_ThenCancel_NotExpired
Command: "/home/kotdath/omp/personal/cpp/mcpp/build/tests/mcpp_unit_tests" "--gtest_filter=TimeoutManagerTest.SetTimeout_ThenCancel_NotExpired" "--gtest_also_run_disabled_tests"
Directory: /home/kotdath/omp/personal/cpp/mcpp/build/tests
"TimeoutManagerTest.SetTimeout_ThenCancel_NotExpired" start time: Feb 01 12:20 MSK
Output:
----------------------------------------------------------
Running main() from /home/kotdath/omp/personal/cpp/mcpp/build/_deps/googletest-src/googletest/src/gtest_main.cc
Note: Google Test filter = TimeoutManagerTest.SetTimeout_ThenCancel_NotExpired
[==========] Running 1 test from 1 test suite.
[----------] Global test environment set-up.
[----------] 1 test from TimeoutManagerTest
[ RUN      ] TimeoutManagerTest.SetTimeout_ThenCancel_NotExpired
[       OK ] TimeoutManagerTest.SetTimeout_ThenCancel_NotExpired (0 ms)
[----------] 1 test from TimeoutManagerTest (0 ms total)

[----------] Global test environment tear-down
[==========] 1 test from 1 test suite ran. (0 ms total)
[  PASSED  ] 1 test.
<end of output>
Test time =   0.00 sec
----------------------------------------------------------
Test Passed.
"TimeoutManagerTest.SetTimeout_ThenCancel_NotExpired" end time: Feb 01 12:20 MSK
"TimeoutManagerTest.SetTimeout_ThenCancel_NotExpired" time elapsed: 00:00:00
----------------------------------------------------------

42/184 Testing: TimeoutManagerTest.Cancel_NonExistentId_NoEffect
42/184 Test: TimeoutManagerTest.Cancel_NonExistentId_NoEffect
Command: "/home/kotdath/omp/personal/cpp/mcpp/build/tests/mcpp_unit_tests" "--gtest_filter=TimeoutManagerTest.Cancel_NonExistentId_NoEffect" "--gtest_also_run_disabled_tests"
Directory: /home/kotdath/omp/personal/cpp/mcpp/build/tests
"TimeoutManagerTest.Cancel_NonExistentId_NoEffect" start time: Feb 01 12:20 MSK
Output:
----------------------------------------------------------
Running main() from /home/kotdath/omp/personal/cpp/mcpp/build/_deps/googletest-src/googletest/src/gtest_main.cc
Note: Google Test filter = TimeoutManagerTest.Cancel_NonExistentId_NoEffect
[==========] Running 1 test from 1 test suite.
[----------] Global test environment set-up.
[----------] 1 test from TimeoutManagerTest
[ RUN      ] TimeoutManagerTest.Cancel_NonExistentId_NoEffect
[       OK ] TimeoutManagerTest.Cancel_NonExistentId_NoEffect (0 ms)
[----------] 1 test from TimeoutManagerTest (0 ms total)

[----------] Global test environment tear-down
[==========] 1 test from 1 test suite ran. (0 ms total)
[  PASSED  ] 1 test.
<end of output>
Test time =   0.00 sec
----------------------------------------------------------
Test Passed.
"TimeoutManagerTest.Cancel_NonExistentId_NoEffect" end time: Feb 01 12:20 MSK
"TimeoutManagerTest.Cancel_NonExistentId_NoEffect" time elapsed: 00:00:00
----------------------------------------------------------

43/184 Testing: TimeoutManagerTest.CheckTimeouts_BeforeTimeout_NoExpiry
43/184 Test: TimeoutManagerTest.CheckTimeouts_BeforeTimeout_NoExpiry
Command: "/home/kotdath/omp/personal/cpp/mcpp/build/tests/mcpp_unit_tests" "--gtest_filter=TimeoutManagerTest.CheckTimeouts_BeforeTimeout_NoExpiry" "--gtest_also_run_disabled_tests"
Directory: /home/kotdath/omp/personal/cpp/mcpp/build/tests
"TimeoutManagerTest.CheckTimeouts_BeforeTimeout_NoExpiry" start time: Feb 01 12:20 MSK
Output:
----------------------------------------------------------
Running main() from /home/kotdath/omp/personal/cpp/mcpp/build/_deps/googletest-src/googletest/src/gtest_main.cc
Note: Google Test filter = TimeoutManagerTest.CheckTimeouts_BeforeTimeout_NoExpiry
[==========] Running 1 test from 1 test suite.
[----------] Global test environment set-up.
[----------] 1 test from TimeoutManagerTest
[ RUN      ] TimeoutManagerTest.CheckTimeouts_BeforeTimeout_NoExpiry
[       OK ] TimeoutManagerTest.CheckTimeouts_BeforeTimeout_NoExpiry (0 ms)
[----------] 1 test from TimeoutManagerTest (0 ms total)

[----------] Global test environment tear-down
[==========] 1 test from 1 test suite ran. (0 ms total)
[  PASSED  ] 1 test.
<end of output>
Test time =   0.00 sec
----------------------------------------------------------
Test Passed.
"TimeoutManagerTest.CheckTimeouts_BeforeTimeout_NoExpiry" end time: Feb 01 12:20 MSK
"TimeoutManagerTest.CheckTimeouts_BeforeTimeout_NoExpiry" time elapsed: 00:00:00
----------------------------------------------------------

44/184 Testing: TimeoutManagerTest.CheckTimeouts_AfterTimeout_ReturnsExpiredId
44/184 Test: TimeoutManagerTest.CheckTimeouts_AfterTimeout_ReturnsExpiredId
Command: "/home/kotdath/omp/personal/cpp/mcpp/build/tests/mcpp_unit_tests" "--gtest_filter=TimeoutManagerTest.CheckTimeouts_AfterTimeout_ReturnsExpiredId" "--gtest_also_run_disabled_tests"
Directory: /home/kotdath/omp/personal/cpp/mcpp/build/tests
"TimeoutManagerTest.CheckTimeouts_AfterTimeout_ReturnsExpiredId" start time: Feb 01 12:20 MSK
Output:
----------------------------------------------------------
Running main() from /home/kotdath/omp/personal/cpp/mcpp/build/_deps/googletest-src/googletest/src/gtest_main.cc
Note: Google Test filter = TimeoutManagerTest.CheckTimeouts_AfterTimeout_ReturnsExpiredId
[==========] Running 1 test from 1 test suite.
[----------] Global test environment set-up.
[----------] 1 test from TimeoutManagerTest
[ RUN      ] TimeoutManagerTest.CheckTimeouts_AfterTimeout_ReturnsExpiredId
[       OK ] TimeoutManagerTest.CheckTimeouts_AfterTimeout_ReturnsExpiredId (50 ms)
[----------] 1 test from TimeoutManagerTest (50 ms total)

[----------] Global test environment tear-down
[==========] 1 test from 1 test suite ran. (50 ms total)
[  PASSED  ] 1 test.
<end of output>
Test time =   0.05 sec
----------------------------------------------------------
Test Passed.
"TimeoutManagerTest.CheckTimeouts_AfterTimeout_ReturnsExpiredId" end time: Feb 01 12:20 MSK
"TimeoutManagerTest.CheckTimeouts_AfterTimeout_ReturnsExpiredId" time elapsed: 00:00:00
----------------------------------------------------------

45/184 Testing: TimeoutManagerTest.CheckTimeouts_MultipleRequests_SomeExpired
45/184 Test: TimeoutManagerTest.CheckTimeouts_MultipleRequests_SomeExpired
Command: "/home/kotdath/omp/personal/cpp/mcpp/build/tests/mcpp_unit_tests" "--gtest_filter=TimeoutManagerTest.CheckTimeouts_MultipleRequests_SomeExpired" "--gtest_also_run_disabled_tests"
Directory: /home/kotdath/omp/personal/cpp/mcpp/build/tests
"TimeoutManagerTest.CheckTimeouts_MultipleRequests_SomeExpired" start time: Feb 01 12:20 MSK
Output:
----------------------------------------------------------
Running main() from /home/kotdath/omp/personal/cpp/mcpp/build/_deps/googletest-src/googletest/src/gtest_main.cc
Note: Google Test filter = TimeoutManagerTest.CheckTimeouts_MultipleRequests_SomeExpired
[==========] Running 1 test from 1 test suite.
[----------] Global test environment set-up.
[----------] 1 test from TimeoutManagerTest
[ RUN      ] TimeoutManagerTest.CheckTimeouts_MultipleRequests_SomeExpired
[       OK ] TimeoutManagerTest.CheckTimeouts_MultipleRequests_SomeExpired (50 ms)
[----------] 1 test from TimeoutManagerTest (50 ms total)

[----------] Global test environment tear-down
[==========] 1 test from 1 test suite ran. (50 ms total)
[  PASSED  ] 1 test.
<end of output>
Test time =   0.05 sec
----------------------------------------------------------
Test Passed.
"TimeoutManagerTest.CheckTimeouts_MultipleRequests_SomeExpired" end time: Feb 01 12:20 MSK
"TimeoutManagerTest.CheckTimeouts_MultipleRequests_SomeExpired" time elapsed: 00:00:00
----------------------------------------------------------

46/184 Testing: TimeoutManagerTest.HasTimeout_ChecksCorrectly
46/184 Test: TimeoutManagerTest.HasTimeout_ChecksCorrectly
Command: "/home/kotdath/omp/personal/cpp/mcpp/build/tests/mcpp_unit_tests" "--gtest_filter=TimeoutManagerTest.HasTimeout_ChecksCorrectly" "--gtest_also_run_disabled_tests"
Directory: /home/kotdath/omp/personal/cpp/mcpp/build/tests
"TimeoutManagerTest.HasTimeout_ChecksCorrectly" start time: Feb 01 12:20 MSK
Output:
----------------------------------------------------------
Running main() from /home/kotdath/omp/personal/cpp/mcpp/build/_deps/googletest-src/googletest/src/gtest_main.cc
Note: Google Test filter = TimeoutManagerTest.HasTimeout_ChecksCorrectly
[==========] Running 1 test from 1 test suite.
[----------] Global test environment set-up.
[----------] 1 test from TimeoutManagerTest
[ RUN      ] TimeoutManagerTest.HasTimeout_ChecksCorrectly
[       OK ] TimeoutManagerTest.HasTimeout_ChecksCorrectly (0 ms)
[----------] 1 test from TimeoutManagerTest (0 ms total)

[----------] Global test environment tear-down
[==========] 1 test from 1 test suite ran. (0 ms total)
[  PASSED  ] 1 test.
<end of output>
Test time =   0.00 sec
----------------------------------------------------------
Test Passed.
"TimeoutManagerTest.HasTimeout_ChecksCorrectly" end time: Feb 01 12:20 MSK
"TimeoutManagerTest.HasTimeout_ChecksCorrectly" time elapsed: 00:00:00
----------------------------------------------------------

47/184 Testing: TimeoutManagerTest.PendingCount_Accurate
47/184 Test: TimeoutManagerTest.PendingCount_Accurate
Command: "/home/kotdath/omp/personal/cpp/mcpp/build/tests/mcpp_unit_tests" "--gtest_filter=TimeoutManagerTest.PendingCount_Accurate" "--gtest_also_run_disabled_tests"
Directory: /home/kotdath/omp/personal/cpp/mcpp/build/tests
"TimeoutManagerTest.PendingCount_Accurate" start time: Feb 01 12:20 MSK
Output:
----------------------------------------------------------
Running main() from /home/kotdath/omp/personal/cpp/mcpp/build/_deps/googletest-src/googletest/src/gtest_main.cc
Note: Google Test filter = TimeoutManagerTest.PendingCount_Accurate
[==========] Running 1 test from 1 test suite.
[----------] Global test environment set-up.
[----------] 1 test from TimeoutManagerTest
[ RUN      ] TimeoutManagerTest.PendingCount_Accurate
[       OK ] TimeoutManagerTest.PendingCount_Accurate (0 ms)
[----------] 1 test from TimeoutManagerTest (0 ms total)

[----------] Global test environment tear-down
[==========] 1 test from 1 test suite ran. (0 ms total)
[  PASSED  ] 1 test.
<end of output>
Test time =   0.00 sec
----------------------------------------------------------
Test Passed.
"TimeoutManagerTest.PendingCount_Accurate" end time: Feb 01 12:20 MSK
"TimeoutManagerTest.PendingCount_Accurate" time elapsed: 00:00:00
----------------------------------------------------------

48/184 Testing: TimeoutManagerTest.DefaultTimeout_ConstructorSetsValue
48/184 Test: TimeoutManagerTest.DefaultTimeout_ConstructorSetsValue
Command: "/home/kotdath/omp/personal/cpp/mcpp/build/tests/mcpp_unit_tests" "--gtest_filter=TimeoutManagerTest.DefaultTimeout_ConstructorSetsValue" "--gtest_also_run_disabled_tests"
Directory: /home/kotdath/omp/personal/cpp/mcpp/build/tests
"TimeoutManagerTest.DefaultTimeout_ConstructorSetsValue" start time: Feb 01 12:20 MSK
Output:
----------------------------------------------------------
Running main() from /home/kotdath/omp/personal/cpp/mcpp/build/_deps/googletest-src/googletest/src/gtest_main.cc
Note: Google Test filter = TimeoutManagerTest.DefaultTimeout_ConstructorSetsValue
[==========] Running 1 test from 1 test suite.
[----------] Global test environment set-up.
[----------] 1 test from TimeoutManagerTest
[ RUN      ] TimeoutManagerTest.DefaultTimeout_ConstructorSetsValue
[       OK ] TimeoutManagerTest.DefaultTimeout_ConstructorSetsValue (0 ms)
[----------] 1 test from TimeoutManagerTest (0 ms total)

[----------] Global test environment tear-down
[==========] 1 test from 1 test suite ran. (0 ms total)
[  PASSED  ] 1 test.
<end of output>
Test time =   0.00 sec
----------------------------------------------------------
Test Passed.
"TimeoutManagerTest.DefaultTimeout_ConstructorSetsValue" end time: Feb 01 12:20 MSK
"TimeoutManagerTest.DefaultTimeout_ConstructorSetsValue" time elapsed: 00:00:00
----------------------------------------------------------

49/184 Testing: TimeoutManagerTest.SetTimeout_ReplacesExistingTimeout
49/184 Test: TimeoutManagerTest.SetTimeout_ReplacesExistingTimeout
Command: "/home/kotdath/omp/personal/cpp/mcpp/build/tests/mcpp_unit_tests" "--gtest_filter=TimeoutManagerTest.SetTimeout_ReplacesExistingTimeout" "--gtest_also_run_disabled_tests"
Directory: /home/kotdath/omp/personal/cpp/mcpp/build/tests
"TimeoutManagerTest.SetTimeout_ReplacesExistingTimeout" start time: Feb 01 12:20 MSK
Output:
----------------------------------------------------------
Running main() from /home/kotdath/omp/personal/cpp/mcpp/build/_deps/googletest-src/googletest/src/gtest_main.cc
Note: Google Test filter = TimeoutManagerTest.SetTimeout_ReplacesExistingTimeout
[==========] Running 1 test from 1 test suite.
[----------] Global test environment set-up.
[----------] 1 test from TimeoutManagerTest
[ RUN      ] TimeoutManagerTest.SetTimeout_ReplacesExistingTimeout
[       OK ] TimeoutManagerTest.SetTimeout_ReplacesExistingTimeout (50 ms)
[----------] 1 test from TimeoutManagerTest (50 ms total)

[----------] Global test environment tear-down
[==========] 1 test from 1 test suite ran. (50 ms total)
[  PASSED  ] 1 test.
<end of output>
Test time =   0.05 sec
----------------------------------------------------------
Test Passed.
"TimeoutManagerTest.SetTimeout_ReplacesExistingTimeout" end time: Feb 01 12:20 MSK
"TimeoutManagerTest.SetTimeout_ReplacesExistingTimeout" time elapsed: 00:00:00
----------------------------------------------------------

50/184 Testing: TimeoutManagerTest.StringId_Supported
50/184 Test: TimeoutManagerTest.StringId_Supported
Command: "/home/kotdath/omp/personal/cpp/mcpp/build/tests/mcpp_unit_tests" "--gtest_filter=TimeoutManagerTest.StringId_Supported" "--gtest_also_run_disabled_tests"
Directory: /home/kotdath/omp/personal/cpp/mcpp/build/tests
"TimeoutManagerTest.StringId_Supported" start time: Feb 01 12:20 MSK
Output:
----------------------------------------------------------
Running main() from /home/kotdath/omp/personal/cpp/mcpp/build/_deps/googletest-src/googletest/src/gtest_main.cc
Note: Google Test filter = TimeoutManagerTest.StringId_Supported
[==========] Running 1 test from 1 test suite.
[----------] Global test environment set-up.
[----------] 1 test from TimeoutManagerTest
[ RUN      ] TimeoutManagerTest.StringId_Supported
[       OK ] TimeoutManagerTest.StringId_Supported (50 ms)
[----------] 1 test from TimeoutManagerTest (50 ms total)

[----------] Global test environment tear-down
[==========] 1 test from 1 test suite ran. (50 ms total)
[  PASSED  ] 1 test.
<end of output>
Test time =   0.05 sec
----------------------------------------------------------
Test Passed.
"TimeoutManagerTest.StringId_Supported" end time: Feb 01 12:20 MSK
"TimeoutManagerTest.StringId_Supported" time elapsed: 00:00:00
----------------------------------------------------------

51/184 Testing: RequestTrackerTimeoutIntegration.CompleteBeforeTimeout
51/184 Test: RequestTrackerTimeoutIntegration.CompleteBeforeTimeout
Command: "/home/kotdath/omp/personal/cpp/mcpp/build/tests/mcpp_unit_tests" "--gtest_filter=RequestTrackerTimeoutIntegration.CompleteBeforeTimeout" "--gtest_also_run_disabled_tests"
Directory: /home/kotdath/omp/personal/cpp/mcpp/build/tests
"RequestTrackerTimeoutIntegration.CompleteBeforeTimeout" start time: Feb 01 12:20 MSK
Output:
----------------------------------------------------------
Running main() from /home/kotdath/omp/personal/cpp/mcpp/build/_deps/googletest-src/googletest/src/gtest_main.cc
Note: Google Test filter = RequestTrackerTimeoutIntegration.CompleteBeforeTimeout
[==========] Running 1 test from 1 test suite.
[----------] Global test environment set-up.
[----------] 1 test from RequestTrackerTimeoutIntegration
[ RUN      ] RequestTrackerTimeoutIntegration.CompleteBeforeTimeout
[       OK ] RequestTrackerTimeoutIntegration.CompleteBeforeTimeout (0 ms)
[----------] 1 test from RequestTrackerTimeoutIntegration (0 ms total)

[----------] Global test environment tear-down
[==========] 1 test from 1 test suite ran. (0 ms total)
[  PASSED  ] 1 test.
<end of output>
Test time =   0.00 sec
----------------------------------------------------------
Test Passed.
"RequestTrackerTimeoutIntegration.CompleteBeforeTimeout" end time: Feb 01 12:20 MSK
"RequestTrackerTimeoutIntegration.CompleteBeforeTimeout" time elapsed: 00:00:00
----------------------------------------------------------

52/184 Testing: RequestTrackerTimeoutIntegration.TimeoutBeforeResponse
52/184 Test: RequestTrackerTimeoutIntegration.TimeoutBeforeResponse
Command: "/home/kotdath/omp/personal/cpp/mcpp/build/tests/mcpp_unit_tests" "--gtest_filter=RequestTrackerTimeoutIntegration.TimeoutBeforeResponse" "--gtest_also_run_disabled_tests"
Directory: /home/kotdath/omp/personal/cpp/mcpp/build/tests
"RequestTrackerTimeoutIntegration.TimeoutBeforeResponse" start time: Feb 01 12:20 MSK
Output:
----------------------------------------------------------
Running main() from /home/kotdath/omp/personal/cpp/mcpp/build/_deps/googletest-src/googletest/src/gtest_main.cc
Note: Google Test filter = RequestTrackerTimeoutIntegration.TimeoutBeforeResponse
[==========] Running 1 test from 1 test suite.
[----------] Global test environment set-up.
[----------] 1 test from RequestTrackerTimeoutIntegration
[ RUN      ] RequestTrackerTimeoutIntegration.TimeoutBeforeResponse
[       OK ] RequestTrackerTimeoutIntegration.TimeoutBeforeResponse (50 ms)
[----------] 1 test from RequestTrackerTimeoutIntegration (50 ms total)

[----------] Global test environment tear-down
[==========] 1 test from 1 test suite ran. (50 ms total)
[  PASSED  ] 1 test.
<end of output>
Test time =   0.05 sec
----------------------------------------------------------
Test Passed.
"RequestTrackerTimeoutIntegration.TimeoutBeforeResponse" end time: Feb 01 12:20 MSK
"RequestTrackerTimeoutIntegration.TimeoutBeforeResponse" time elapsed: 00:00:00
----------------------------------------------------------

53/184 Testing: TimeoutManager.Placeholder
53/184 Test: TimeoutManager.Placeholder
Command: "/home/kotdath/omp/personal/cpp/mcpp/build/tests/mcpp_unit_tests" "--gtest_filter=TimeoutManager.Placeholder" "--gtest_also_run_disabled_tests"
Directory: /home/kotdath/omp/personal/cpp/mcpp/build/tests
"TimeoutManager.Placeholder" start time: Feb 01 12:20 MSK
Output:
----------------------------------------------------------
Running main() from /home/kotdath/omp/personal/cpp/mcpp/build/_deps/googletest-src/googletest/src/gtest_main.cc
Note: Google Test filter = TimeoutManager.Placeholder
[==========] Running 1 test from 1 test suite.
[----------] Global test environment set-up.
[----------] 1 test from TimeoutManager
[ RUN      ] TimeoutManager.Placeholder
[       OK ] TimeoutManager.Placeholder (0 ms)
[----------] 1 test from TimeoutManager (0 ms total)

[----------] Global test environment tear-down
[==========] 1 test from 1 test suite ran. (0 ms total)
[  PASSED  ] 1 test.
<end of output>
Test time =   0.00 sec
----------------------------------------------------------
Test Passed.
"TimeoutManager.Placeholder" end time: Feb 01 12:20 MSK
"TimeoutManager.Placeholder" time elapsed: 00:00:00
----------------------------------------------------------

54/184 Testing: ToolRegistry.RegisterAndList
54/184 Test: ToolRegistry.RegisterAndList
Command: "/home/kotdath/omp/personal/cpp/mcpp/build/tests/mcpp_unit_tests" "--gtest_filter=ToolRegistry.RegisterAndList" "--gtest_also_run_disabled_tests"
Directory: /home/kotdath/omp/personal/cpp/mcpp/build/tests
"ToolRegistry.RegisterAndList" start time: Feb 01 12:20 MSK
Output:
----------------------------------------------------------
Running main() from /home/kotdath/omp/personal/cpp/mcpp/build/_deps/googletest-src/googletest/src/gtest_main.cc
Note: Google Test filter = ToolRegistry.RegisterAndList
[==========] Running 1 test from 1 test suite.
[----------] Global test environment set-up.
[----------] 1 test from ToolRegistry
[ RUN      ] ToolRegistry.RegisterAndList
[       OK ] ToolRegistry.RegisterAndList (0 ms)
[----------] 1 test from ToolRegistry (0 ms total)

[----------] Global test environment tear-down
[==========] 1 test from 1 test suite ran. (0 ms total)
[  PASSED  ] 1 test.
<end of output>
Test time =   0.00 sec
----------------------------------------------------------
Test Passed.
"ToolRegistry.RegisterAndList" end time: Feb 01 12:20 MSK
"ToolRegistry.RegisterAndList" time elapsed: 00:00:00
----------------------------------------------------------

55/184 Testing: ToolRegistry.RegisterDuplicate_ReturnsFalse
55/184 Test: ToolRegistry.RegisterDuplicate_ReturnsFalse
Command: "/home/kotdath/omp/personal/cpp/mcpp/build/tests/mcpp_unit_tests" "--gtest_filter=ToolRegistry.RegisterDuplicate_ReturnsFalse" "--gtest_also_run_disabled_tests"
Directory: /home/kotdath/omp/personal/cpp/mcpp/build/tests
"ToolRegistry.RegisterDuplicate_ReturnsFalse" start time: Feb 01 12:20 MSK
Output:
----------------------------------------------------------
Running main() from /home/kotdath/omp/personal/cpp/mcpp/build/_deps/googletest-src/googletest/src/gtest_main.cc
Note: Google Test filter = ToolRegistry.RegisterDuplicate_ReturnsFalse
[==========] Running 1 test from 1 test suite.
[----------] Global test environment set-up.
[----------] 1 test from ToolRegistry
[ RUN      ] ToolRegistry.RegisterDuplicate_ReturnsFalse
[       OK ] ToolRegistry.RegisterDuplicate_ReturnsFalse (0 ms)
[----------] 1 test from ToolRegistry (0 ms total)

[----------] Global test environment tear-down
[==========] 1 test from 1 test suite ran. (0 ms total)
[  PASSED  ] 1 test.
<end of output>
Test time =   0.00 sec
----------------------------------------------------------
Test Passed.
"ToolRegistry.RegisterDuplicate_ReturnsFalse" end time: Feb 01 12:20 MSK
"ToolRegistry.RegisterDuplicate_ReturnsFalse" time elapsed: 00:00:00
----------------------------------------------------------

56/184 Testing: ToolRegistry.CallTool_ExecutesHandler
56/184 Test: ToolRegistry.CallTool_ExecutesHandler
Command: "/home/kotdath/omp/personal/cpp/mcpp/build/tests/mcpp_unit_tests" "--gtest_filter=ToolRegistry.CallTool_ExecutesHandler" "--gtest_also_run_disabled_tests"
Directory: /home/kotdath/omp/personal/cpp/mcpp/build/tests
"ToolRegistry.CallTool_ExecutesHandler" start time: Feb 01 12:20 MSK
Output:
----------------------------------------------------------
Running main() from /home/kotdath/omp/personal/cpp/mcpp/build/_deps/googletest-src/googletest/src/gtest_main.cc
Note: Google Test filter = ToolRegistry.CallTool_ExecutesHandler
[==========] Running 1 test from 1 test suite.
[----------] Global test environment set-up.
[----------] 1 test from ToolRegistry
[ RUN      ] ToolRegistry.CallTool_ExecutesHandler
[       OK ] ToolRegistry.CallTool_ExecutesHandler (0 ms)
[----------] 1 test from ToolRegistry (0 ms total)

[----------] Global test environment tear-down
[==========] 1 test from 1 test suite ran. (0 ms total)
[  PASSED  ] 1 test.
<end of output>
Test time =   0.00 sec
----------------------------------------------------------
Test Passed.
"ToolRegistry.CallTool_ExecutesHandler" end time: Feb 01 12:20 MSK
"ToolRegistry.CallTool_ExecutesHandler" time elapsed: 00:00:00
----------------------------------------------------------

57/184 Testing: ToolRegistry.CallTool_UnknownTool_ReturnsNullopt
57/184 Test: ToolRegistry.CallTool_UnknownTool_ReturnsNullopt
Command: "/home/kotdath/omp/personal/cpp/mcpp/build/tests/mcpp_unit_tests" "--gtest_filter=ToolRegistry.CallTool_UnknownTool_ReturnsNullopt" "--gtest_also_run_disabled_tests"
Directory: /home/kotdath/omp/personal/cpp/mcpp/build/tests
"ToolRegistry.CallTool_UnknownTool_ReturnsNullopt" start time: Feb 01 12:20 MSK
Output:
----------------------------------------------------------
Running main() from /home/kotdath/omp/personal/cpp/mcpp/build/_deps/googletest-src/googletest/src/gtest_main.cc
Note: Google Test filter = ToolRegistry.CallTool_UnknownTool_ReturnsNullopt
[==========] Running 1 test from 1 test suite.
[----------] Global test environment set-up.
[----------] 1 test from ToolRegistry
[ RUN      ] ToolRegistry.CallTool_UnknownTool_ReturnsNullopt
[       OK ] ToolRegistry.CallTool_UnknownTool_ReturnsNullopt (0 ms)
[----------] 1 test from ToolRegistry (0 ms total)

[----------] Global test environment tear-down
[==========] 1 test from 1 test suite ran. (0 ms total)
[  PASSED  ] 1 test.
<end of output>
Test time =   0.00 sec
----------------------------------------------------------
[...]

[----------] Global test environment tear-down
[==========] 1 test from 1 test suite ran. (0 ms total)
[  PASSED  ] 1 test.
<end of output>
Test time =   0.00 sec
----------------------------------------------------------
Test Passed.
"JsonRpcSpecCompliance.EdgeCase_UnicodeInMethod" end time: Feb 01 12:20 MSK
"JsonRpcSpecCompliance.EdgeCase_UnicodeInMethod" time elapsed: 00:00:00
----------------------------------------------------------

172/184 Testing: JsonRpcSpecCompliance.EdgeCase_NestedParams
172/184 Test: JsonRpcSpecCompliance.EdgeCase_NestedParams
Command: "/home/kotdath/omp/personal/cpp/mcpp/build/tests/mcpp_compliance_tests" "--gtest_filter=JsonRpcSpecCompliance.EdgeCase_NestedParams" "--gtest_also_run_disabled_tests"
Directory: /home/kotdath/omp/personal/cpp/mcpp/build/tests
"JsonRpcSpecCompliance.EdgeCase_NestedParams" start time: Feb 01 12:20 MSK
Output:
----------------------------------------------------------
Running main() from /home/kotdath/omp/personal/cpp/mcpp/build/_deps/googletest-src/googletest/src/gtest_main.cc
Note: Google Test filter = JsonRpcSpecCompliance.EdgeCase_NestedParams
[==========] Running 1 test from 1 test suite.
[----------] Global test environment set-up.
[----------] 1 test from JsonRpcSpecCompliance
[ RUN      ] JsonRpcSpecCompliance.EdgeCase_NestedParams
[       OK ] JsonRpcSpecCompliance.EdgeCase_NestedParams (0 ms)
[----------] 1 test from JsonRpcSpecCompliance (0 ms total)

[----------] Global test environment tear-down
[==========] 1 test from 1 test suite ran. (0 ms total)
[  PASSED  ] 1 test.
<end of output>
Test time =   0.00 sec
----------------------------------------------------------
Test Passed.
"JsonRpcSpecCompliance.EdgeCase_NestedParams" end time: Feb 01 12:20 MSK
"JsonRpcSpecCompliance.EdgeCase_NestedParams" time elapsed: 00:00:00
----------------------------------------------------------

173/184 Testing: JsonRpcSpecCompliance.EdgeCase_ArrayParamsWithNulls
173/184 Test: JsonRpcSpecCompliance.EdgeCase_ArrayParamsWithNulls
Command: "/home/kotdath/omp/personal/cpp/mcpp/build/tests/mcpp_compliance_tests" "--gtest_filter=JsonRpcSpecCompliance.EdgeCase_ArrayParamsWithNulls" "--gtest_also_run_disabled_tests"
Directory: /home/kotdath/omp/personal/cpp/mcpp/build/tests
"JsonRpcSpecCompliance.EdgeCase_ArrayParamsWithNulls" start time: Feb 01 12:20 MSK
Output:
----------------------------------------------------------
Running main() from /home/kotdath/omp/personal/cpp/mcpp/build/_deps/googletest-src/googletest/src/gtest_main.cc
Note: Google Test filter = JsonRpcSpecCompliance.EdgeCase_ArrayParamsWithNulls
[==========] Running 1 test from 1 test suite.
[----------] Global test environment set-up.
[----------] 1 test from JsonRpcSpecCompliance
[ RUN      ] JsonRpcSpecCompliance.EdgeCase_ArrayParamsWithNulls
[       OK ] JsonRpcSpecCompliance.EdgeCase_ArrayParamsWithNulls (0 ms)
[----------] 1 test from JsonRpcSpecCompliance (0 ms total)

[----------] Global test environment tear-down
[==========] 1 test from 1 test suite ran. (0 ms total)
[  PASSED  ] 1 test.
<end of output>
Test time =   0.00 sec
----------------------------------------------------------
Test Passed.
"JsonRpcSpecCompliance.EdgeCase_ArrayParamsWithNulls" end time: Feb 01 12:20 MSK
"JsonRpcSpecCompliance.EdgeCase_ArrayParamsWithNulls" time elapsed: 00:00:00
----------------------------------------------------------

174/184 Testing: JsonRpcSpecCompliance.ParseError_MissingJsonrpcField
174/184 Test: JsonRpcSpecCompliance.ParseError_MissingJsonrpcField
Command: "/home/kotdath/omp/personal/cpp/mcpp/build/tests/mcpp_compliance_tests" "--gtest_filter=JsonRpcSpecCompliance.ParseError_MissingJsonrpcField" "--gtest_also_run_disabled_tests"
Directory: /home/kotdath/omp/personal/cpp/mcpp/build/tests
"JsonRpcSpecCompliance.ParseError_MissingJsonrpcField" start time: Feb 01 12:20 MSK
Output:
----------------------------------------------------------
Running main() from /home/kotdath/omp/personal/cpp/mcpp/build/_deps/googletest-src/googletest/src/gtest_main.cc
Note: Google Test filter = JsonRpcSpecCompliance.ParseError_MissingJsonrpcField
[==========] Running 1 test from 1 test suite.
[----------] Global test environment set-up.
[----------] 1 test from JsonRpcSpecCompliance
[ RUN      ] JsonRpcSpecCompliance.ParseError_MissingJsonrpcField
[       OK ] JsonRpcSpecCompliance.ParseError_MissingJsonrpcField (0 ms)
[----------] 1 test from JsonRpcSpecCompliance (0 ms total)

[----------] Global test environment tear-down
[==========] 1 test from 1 test suite ran. (0 ms total)
[  PASSED  ] 1 test.
<end of output>
Test time =   0.00 sec
----------------------------------------------------------
Test Passed.
"JsonRpcSpecCompliance.ParseError_MissingJsonrpcField" end time: Feb 01 12:20 MSK
"JsonRpcSpecCompliance.ParseError_MissingJsonrpcField" time elapsed: 00:00:00
----------------------------------------------------------

175/184 Testing: JsonRpcSpecCompliance.ParseError_WrongJsonrpcVersion
175/184 Test: JsonRpcSpecCompliance.ParseError_WrongJsonrpcVersion
Command: "/home/kotdath/omp/personal/cpp/mcpp/build/tests/mcpp_compliance_tests" "--gtest_filter=JsonRpcSpecCompliance.ParseError_WrongJsonrpcVersion" "--gtest_also_run_disabled_tests"
Directory: /home/kotdath/omp/personal/cpp/mcpp/build/tests
"JsonRpcSpecCompliance.ParseError_WrongJsonrpcVersion" start time: Feb 01 12:20 MSK
Output:
----------------------------------------------------------
Running main() from /home/kotdath/omp/personal/cpp/mcpp/build/_deps/googletest-src/googletest/src/gtest_main.cc
Note: Google Test filter = JsonRpcSpecCompliance.ParseError_WrongJsonrpcVersion
[==========] Running 1 test from 1 test suite.
[----------] Global test environment set-up.
[----------] 1 test from JsonRpcSpecCompliance
[ RUN      ] JsonRpcSpecCompliance.ParseError_WrongJsonrpcVersion
[       OK ] JsonRpcSpecCompliance.ParseError_WrongJsonrpcVersion (0 ms)
[----------] 1 test from JsonRpcSpecCompliance (0 ms total)

[----------] Global test environment tear-down
[==========] 1 test from 1 test suite ran. (0 ms total)
[  PASSED  ] 1 test.
<end of output>
Test time =   0.00 sec
----------------------------------------------------------
Test Passed.
"JsonRpcSpecCompliance.ParseError_WrongJsonrpcVersion" end time: Feb 01 12:20 MSK
"JsonRpcSpecCompliance.ParseError_WrongJsonrpcVersion" time elapsed: 00:00:00
----------------------------------------------------------

176/184 Testing: JsonRpcSpecCompliance.ParseError_MissingIdField
176/184 Test: JsonRpcSpecCompliance.ParseError_MissingIdField
Command: "/home/kotdath/omp/personal/cpp/mcpp/build/tests/mcpp_compliance_tests" "--gtest_filter=JsonRpcSpecCompliance.ParseError_MissingIdField" "--gtest_also_run_disabled_tests"
Directory: /home/kotdath/omp/personal/cpp/mcpp/build/tests
"JsonRpcSpecCompliance.ParseError_MissingIdField" start time: Feb 01 12:20 MSK
Output:
----------------------------------------------------------
Running main() from /home/kotdath/omp/personal/cpp/mcpp/build/_deps/googletest-src/googletest/src/gtest_main.cc
Note: Google Test filter = JsonRpcSpecCompliance.ParseError_MissingIdField
[==========] Running 1 test from 1 test suite.
[----------] Global test environment set-up.
[----------] 1 test from JsonRpcSpecCompliance
[ RUN      ] JsonRpcSpecCompliance.ParseError_MissingIdField
[       OK ] JsonRpcSpecCompliance.ParseError_MissingIdField (0 ms)
[----------] 1 test from JsonRpcSpecCompliance (0 ms total)

[----------] Global test environment tear-down
[==========] 1 test from 1 test suite ran. (0 ms total)
[  PASSED  ] 1 test.
<end of output>
Test time =   0.00 sec
----------------------------------------------------------
Test Passed.
"JsonRpcSpecCompliance.ParseError_MissingIdField" end time: Feb 01 12:20 MSK
"JsonRpcSpecCompliance.ParseError_MissingIdField" time elapsed: 00:00:00
----------------------------------------------------------

177/184 Testing: JsonRpcSpecCompliance.ParseError_BothResultAndError
177/184 Test: JsonRpcSpecCompliance.ParseError_BothResultAndError
Command: "/home/kotdath/omp/personal/cpp/mcpp/build/tests/mcpp_compliance_tests" "--gtest_filter=JsonRpcSpecCompliance.ParseError_BothResultAndError" "--gtest_also_run_disabled_tests"
Directory: /home/kotdath/omp/personal/cpp/mcpp/build/tests
"JsonRpcSpecCompliance.ParseError_BothResultAndError" start time: Feb 01 12:20 MSK
Output:
----------------------------------------------------------
Running main() from /home/kotdath/omp/personal/cpp/mcpp/build/_deps/googletest-src/googletest/src/gtest_main.cc
Note: Google Test filter = JsonRpcSpecCompliance.ParseError_BothResultAndError
[==========] Running 1 test from 1 test suite.
[----------] Global test environment set-up.
[----------] 1 test from JsonRpcSpecCompliance
[ RUN      ] JsonRpcSpecCompliance.ParseError_BothResultAndError
[       OK ] JsonRpcSpecCompliance.ParseError_BothResultAndError (0 ms)
[----------] 1 test from JsonRpcSpecCompliance (0 ms total)

[----------] Global test environment tear-down
[==========] 1 test from 1 test suite ran. (0 ms total)
[  PASSED  ] 1 test.
<end of output>
Test time =   0.00 sec
----------------------------------------------------------
Test Passed.
"JsonRpcSpecCompliance.ParseError_BothResultAndError" end time: Feb 01 12:20 MSK
"JsonRpcSpecCompliance.ParseError_BothResultAndError" time elapsed: 00:00:00
----------------------------------------------------------

178/184 Testing: JsonRpcSpecCompliance.ParseError_NeitherResultNorError
178/184 Test: JsonRpcSpecCompliance.ParseError_NeitherResultNorError
Command: "/home/kotdath/omp/personal/cpp/mcpp/build/tests/mcpp_compliance_tests" "--gtest_filter=JsonRpcSpecCompliance.ParseError_NeitherResultNorError" "--gtest_also_run_disabled_tests"
Directory: /home/kotdath/omp/personal/cpp/mcpp/build/tests
"JsonRpcSpecCompliance.ParseError_NeitherResultNorError" start time: Feb 01 12:20 MSK
Output:
----------------------------------------------------------
Running main() from /home/kotdath/omp/personal/cpp/mcpp/build/_deps/googletest-src/googletest/src/gtest_main.cc
Note: Google Test filter = JsonRpcSpecCompliance.ParseError_NeitherResultNorError
[==========] Running 1 test from 1 test suite.
[----------] Global test environment set-up.
[----------] 1 test from JsonRpcSpecCompliance
[ RUN      ] JsonRpcSpecCompliance.ParseError_NeitherResultNorError
[       OK ] JsonRpcSpecCompliance.ParseError_NeitherResultNorError (0 ms)
[----------] 1 test from JsonRpcSpecCompliance (0 ms total)

[----------] Global test environment tear-down
[==========] 1 test from 1 test suite ran. (0 ms total)
[  PASSED  ] 1 test.
<end of output>
Test time =   0.00 sec
----------------------------------------------------------
Test Passed.
"JsonRpcSpecCompliance.ParseError_NeitherResultNorError" end time: Feb 01 12:20 MSK
"JsonRpcSpecCompliance.ParseError_NeitherResultNorError" time elapsed: 00:00:00
----------------------------------------------------------

179/184 Testing: JsonRpcSpecCompliance.ParseError_InvalidErrorObject
179/184 Test: JsonRpcSpecCompliance.ParseError_InvalidErrorObject
Command: "/home/kotdath/omp/personal/cpp/mcpp/build/tests/mcpp_compliance_tests" "--gtest_filter=JsonRpcSpecCompliance.ParseError_InvalidErrorObject" "--gtest_also_run_disabled_tests"
Directory: /home/kotdath/omp/personal/cpp/mcpp/build/tests
"JsonRpcSpecCompliance.ParseError_InvalidErrorObject" start time: Feb 01 12:20 MSK
Output:
----------------------------------------------------------
Running main() from /home/kotdath/omp/personal/cpp/mcpp/build/_deps/googletest-src/googletest/src/gtest_main.cc
Note: Google Test filter = JsonRpcSpecCompliance.ParseError_InvalidErrorObject
[==========] Running 1 test from 1 test suite.
[----------] Global test environment set-up.
[----------] 1 test from JsonRpcSpecCompliance
[ RUN      ] JsonRpcSpecCompliance.ParseError_InvalidErrorObject
[       OK ] JsonRpcSpecCompliance.ParseError_InvalidErrorObject (0 ms)
[----------] 1 test from JsonRpcSpecCompliance (0 ms total)

[----------] Global test environment tear-down
[==========] 1 test from 1 test suite ran. (0 ms total)
[  PASSED  ] 1 test.
<end of output>
Test time =   0.00 sec
----------------------------------------------------------
Test Passed.
"JsonRpcSpecCompliance.ParseError_InvalidErrorObject" end time: Feb 01 12:20 MSK
"JsonRpcSpecCompliance.ParseError_InvalidErrorObject" time elapsed: 00:00:00
----------------------------------------------------------

180/184 Testing: JsonRpcSpecCompliance.ErrorParse_MissingCodeField
180/184 Test: JsonRpcSpecCompliance.ErrorParse_MissingCodeField
Command: "/home/kotdath/omp/personal/cpp/mcpp/build/tests/mcpp_compliance_tests" "--gtest_filter=JsonRpcSpecCompliance.ErrorParse_MissingCodeField" "--gtest_also_run_disabled_tests"
Directory: /home/kotdath/omp/personal/cpp/mcpp/build/tests
"JsonRpcSpecCompliance.ErrorParse_MissingCodeField" start time: Feb 01 12:20 MSK
Output:
----------------------------------------------------------
Running main() from /home/kotdath/omp/personal/cpp/mcpp/build/_deps/googletest-src/googletest/src/gtest_main.cc
Note: Google Test filter = JsonRpcSpecCompliance.ErrorParse_MissingCodeField
[==========] Running 1 test from 1 test suite.
[----------] Global test environment set-up.
[----------] 1 test from JsonRpcSpecCompliance
[ RUN      ] JsonRpcSpecCompliance.ErrorParse_MissingCodeField
[       OK ] JsonRpcSpecCompliance.ErrorParse_MissingCodeField (0 ms)
[----------] 1 test from JsonRpcSpecCompliance (0 ms total)

[----------] Global test environment tear-down
[==========] 1 test from 1 test suite ran. (0 ms total)
[  PASSED  ] 1 test.
<end of output>
Test time =   0.00 sec
----------------------------------------------------------
Test Passed.
"JsonRpcSpecCompliance.ErrorParse_MissingCodeField" end time: Feb 01 12:20 MSK
"JsonRpcSpecCompliance.ErrorParse_MissingCodeField" time elapsed: 00:00:00
----------------------------------------------------------

181/184 Testing: JsonRpcSpecCompliance.ErrorParse_MissingMessageField
181/184 Test: JsonRpcSpecCompliance.ErrorParse_MissingMessageField
Command: "/home/kotdath/omp/personal/cpp/mcpp/build/tests/mcpp_compliance_tests" "--gtest_filter=JsonRpcSpecCompliance.ErrorParse_MissingMessageField" "--gtest_also_run_disabled_tests"
Directory: /home/kotdath/omp/personal/cpp/mcpp/build/tests
"JsonRpcSpecCompliance.ErrorParse_MissingMessageField" start time: Feb 01 12:20 MSK
Output:
----------------------------------------------------------
Running main() from /home/kotdath/omp/personal/cpp/mcpp/build/_deps/googletest-src/googletest/src/gtest_main.cc
Note: Google Test filter = JsonRpcSpecCompliance.ErrorParse_MissingMessageField
[==========] Running 1 test from 1 test suite.
[----------] Global test environment set-up.
[----------] 1 test from JsonRpcSpecCompliance
[ RUN      ] JsonRpcSpecCompliance.ErrorParse_MissingMessageField
[       OK ] JsonRpcSpecCompliance.ErrorParse_MissingMessageField (0 ms)
[----------] 1 test from JsonRpcSpecCompliance (0 ms total)

[----------] Global test environment tear-down
[==========] 1 test from 1 test suite ran. (0 ms total)
[  PASSED  ] 1 test.
<end of output>
Test time =   0.00 sec
----------------------------------------------------------
Test Passed.
"JsonRpcSpecCompliance.ErrorParse_MissingMessageField" end time: Feb 01 12:20 MSK
"JsonRpcSpecCompliance.ErrorParse_MissingMessageField" time elapsed: 00:00:00
----------------------------------------------------------

182/184 Testing: JsonRpcSpecCompliance.ErrorParse_NonNumericCode
182/184 Test: JsonRpcSpecCompliance.ErrorParse_NonNumericCode
Command: "/home/kotdath/omp/personal/cpp/mcpp/build/tests/mcpp_compliance_tests" "--gtest_filter=JsonRpcSpecCompliance.ErrorParse_NonNumericCode" "--gtest_also_run_disabled_tests"
Directory: /home/kotdath/omp/personal/cpp/mcpp/build/tests
"JsonRpcSpecCompliance.ErrorParse_NonNumericCode" start time: Feb 01 12:20 MSK
Output:
----------------------------------------------------------
Running main() from /home/kotdath/omp/personal/cpp/mcpp/build/_deps/googletest-src/googletest/src/gtest_main.cc
Note: Google Test filter = JsonRpcSpecCompliance.ErrorParse_NonNumericCode
[==========] Running 1 test from 1 test suite.
[----------] Global test environment set-up.
[----------] 1 test from JsonRpcSpecCompliance
[ RUN      ] JsonRpcSpecCompliance.ErrorParse_NonNumericCode
[       OK ] JsonRpcSpecCompliance.ErrorParse_NonNumericCode (0 ms)
[----------] 1 test from JsonRpcSpecCompliance (0 ms total)

[----------] Global test environment tear-down
[==========] 1 test from 1 test suite ran. (0 ms total)
[  PASSED  ] 1 test.
<end of output>
Test time =   0.00 sec
----------------------------------------------------------
Test Passed.
"JsonRpcSpecCompliance.ErrorParse_NonNumericCode" end time: Feb 01 12:20 MSK
"JsonRpcSpecCompliance.ErrorParse_NonNumericCode" time elapsed: 00:00:00
----------------------------------------------------------

183/184 Testing: JsonRpcSpecCompliance.ErrorParse_NonStringMessage
183/184 Test: JsonRpcSpecCompliance.ErrorParse_NonStringMessage
Command: "/home/kotdath/omp/personal/cpp/mcpp/build/tests/mcpp_compliance_tests" "--gtest_filter=JsonRpcSpecCompliance.ErrorParse_NonStringMessage" "--gtest_also_run_disabled_tests"
Directory: /home/kotdath/omp/personal/cpp/mcpp/build/tests
"JsonRpcSpecCompliance.ErrorParse_NonStringMessage" start time: Feb 01 12:20 MSK
Output:
----------------------------------------------------------
Running main() from /home/kotdath/omp/personal/cpp/mcpp/build/_deps/googletest-src/googletest/src/gtest_main.cc
Note: Google Test filter = JsonRpcSpecCompliance.ErrorParse_NonStringMessage
[==========] Running 1 test from 1 test suite.
[----------] Global test environment set-up.
[----------] 1 test from JsonRpcSpecCompliance
[ RUN      ] JsonRpcSpecCompliance.ErrorParse_NonStringMessage
[       OK ] JsonRpcSpecCompliance.ErrorParse_NonStringMessage (0 ms)
[----------] 1 test from JsonRpcSpecCompliance (0 ms total)

[----------] Global test environment tear-down
[==========] 1 test from 1 test suite ran. (0 ms total)
[  PASSED  ] 1 test.
<end of output>
Test time =   0.00 sec
----------------------------------------------------------
Test Passed.
"JsonRpcSpecCompliance.ErrorParse_NonStringMessage" end time: Feb 01 12:20 MSK
"JsonRpcSpecCompliance.ErrorParse_NonStringMessage" time elapsed: 00:00:00
----------------------------------------------------------

184/184 Testing: JsonRpcSpecCompliance.ErrorParse_CodeAndMessageOnly
184/184 Test: JsonRpcSpecCompliance.ErrorParse_CodeAndMessageOnly
Command: "/home/kotdath/omp/personal/cpp/mcpp/build/tests/mcpp_compliance_tests" "--gtest_filter=JsonRpcSpecCompliance.ErrorParse_CodeAndMessageOnly" "--gtest_also_run_disabled_tests"
Directory: /home/kotdath/omp/personal/cpp/mcpp/build/tests
"JsonRpcSpecCompliance.ErrorParse_CodeAndMessageOnly" start time: Feb 01 12:20 MSK
Output:
----------------------------------------------------------
Running main() from /home/kotdath/omp/personal/cpp/mcpp/build/_deps/googletest-src/googletest/src/gtest_main.cc
Note: Google Test filter = JsonRpcSpecCompliance.ErrorParse_CodeAndMessageOnly
[==========] Running 1 test from 1 test suite.
[----------] Global test environment set-up.
[----------] 1 test from JsonRpcSpecCompliance
[ RUN      ] JsonRpcSpecCompliance.ErrorParse_CodeAndMessageOnly
[       OK ] JsonRpcSpecCompliance.ErrorParse_CodeAndMessageOnly (0 ms)
[----------] 1 test from JsonRpcSpecCompliance (0 ms total)

[----------] Global test environment tear-down
[==========] 1 test from 1 test suite ran. (0 ms total)
[  PASSED  ] 1 test.
<end of output>
Test time =   0.00 sec
----------------------------------------------------------
Test Passed.
"JsonRpcSpecCompliance.ErrorParse_CodeAndMessageOnly" end time: Feb 01 12:20 MSK
"JsonRpcSpecCompliance.ErrorParse_CodeAndMessageOnly" time elapsed: 00:00:00
----------------------------------------------------------

End testing: Feb 01 12:20 MSK
